DEPRECATION WARNING: Using legacy connection handling is deprecated. Please set
`legacy_connection_handling` to `false` in your application.

The new connection handling does not support `connection_handlers`
getter and setter.

Read more about how to migrate at: https://guides.rubyonrails.org/active_record_multiple_databases.html#migrate-to-the-new-connection-handling
 (called from block (2 levels) in <class:Railtie> at C:/Ruby30-x64/lib/ruby/gems/3.0.0/gems/activerecord-7.0.8/lib/active_record/railtie.rb:264)
Started GET "/" for ::1 at 2023-12-05 11:14:05 -0500
  [1m[35m (19.4ms)[0m  [1m[35mCREATE TABLE "schema_migrations" ("version" varchar NOT NULL PRIMARY KEY)[0m
  [1m[35m (9.8ms)[0m  [1m[35mCREATE TABLE "ar_internal_metadata" ("key" varchar NOT NULL PRIMARY KEY, "value" varchar, "created_at" datetime(6) NOT NULL, "updated_at" datetime(6) NOT NULL)[0m
  [1m[36mActiveRecord::SchemaMigration Pluck (0.3ms)[0m  [1m[34mSELECT "schema_migrations"."version" FROM "schema_migrations" ORDER BY "schema_migrations"."version" ASC[0m
  
ActiveRecord::PendingMigrationError (

Migrations are pending. To resolve this issue, run:

        bin/rails db:migrate RAILS_ENV=development

You have 1 pending migration:

20150809022253_create_movies.rb


):
  
activerecord (7.0.8) lib/active_record/migration.rb:662:in `check_pending!'
activerecord (7.0.8) lib/active_record/migration.rb:627:in `block (2 levels) in call'
activesupport (7.0.8) lib/active_support/file_update_checker.rb:83:in `execute'
activerecord (7.0.8) lib/active_record/migration.rb:632:in `block in call'
activerecord (7.0.8) lib/active_record/migration.rb:624:in `synchronize'
activerecord (7.0.8) lib/active_record/migration.rb:624:in `call'
actionpack (7.0.8) lib/action_dispatch/middleware/callbacks.rb:27:in `block in call'
activesupport (7.0.8) lib/active_support/callbacks.rb:99:in `run_callbacks'
actionpack (7.0.8) lib/action_dispatch/middleware/callbacks.rb:26:in `call'
actionpack (7.0.8) lib/action_dispatch/middleware/executor.rb:14:in `call'
actionpack (7.0.8) lib/action_dispatch/middleware/actionable_exceptions.rb:17:in `call'
actionpack (7.0.8) lib/action_dispatch/middleware/debug_exceptions.rb:28:in `call'
web-console (2.3.0) lib/web_console/middleware.rb:28:in `block in call'
web-console (2.3.0) lib/web_console/middleware.rb:18:in `catch'
web-console (2.3.0) lib/web_console/middleware.rb:18:in `call'
actionpack (7.0.8) lib/action_dispatch/middleware/show_exceptions.rb:29:in `call'
railties (7.0.8) lib/rails/rack/logger.rb:40:in `call_app'
railties (7.0.8) lib/rails/rack/logger.rb:25:in `block in call'
activesupport (7.0.8) lib/active_support/tagged_logging.rb:99:in `block in tagged'
activesupport (7.0.8) lib/active_support/tagged_logging.rb:37:in `tagged'
activesupport (7.0.8) lib/active_support/tagged_logging.rb:99:in `tagged'
railties (7.0.8) lib/rails/rack/logger.rb:25:in `call'
actionpack (7.0.8) lib/action_dispatch/middleware/remote_ip.rb:93:in `call'
actionpack (7.0.8) lib/action_dispatch/middleware/request_id.rb:26:in `call'
rack (2.2.8) lib/rack/method_override.rb:24:in `call'
rack (2.2.8) lib/rack/runtime.rb:22:in `call'
actionpack (7.0.8) lib/action_dispatch/middleware/executor.rb:14:in `call'
actionpack (7.0.8) lib/action_dispatch/middleware/static.rb:23:in `call'
rack (2.2.8) lib/rack/sendfile.rb:110:in `call'
actionpack (7.0.8) lib/action_dispatch/middleware/host_authorization.rb:138:in `call'
railties (7.0.8) lib/rails/engine.rb:530:in `call'
puma (5.6.7) lib/puma/configuration.rb:252:in `call'
puma (5.6.7) lib/puma/request.rb:77:in `block in handle_request'
puma (5.6.7) lib/puma/thread_pool.rb:340:in `with_force_shutdown'
puma (5.6.7) lib/puma/request.rb:76:in `handle_request'
puma (5.6.7) lib/puma/server.rb:443:in `process_client'
puma (5.6.7) lib/puma/thread_pool.rb:147:in `block in spawn_thread'
DEPRECATION WARNING: Using legacy connection handling is deprecated. Please set
`legacy_connection_handling` to `false` in your application.

The new connection handling does not support `connection_handlers`
getter and setter.

Read more about how to migrate at: https://guides.rubyonrails.org/active_record_multiple_databases.html#migrate-to-the-new-connection-handling
 (called from block (2 levels) in <class:Railtie> at C:/Ruby30-x64/lib/ruby/gems/3.0.0/gems/activerecord-7.0.8/lib/active_record/railtie.rb:264)
Started GET "/" for ::1 at 2023-12-05 11:27:11 -0500
  [1m[36mActiveRecord::SchemaMigration Pluck (0.4ms)[0m  [1m[34mSELECT "schema_migrations"."version" FROM "schema_migrations" ORDER BY "schema_migrations"."version" ASC[0m
  [1m[36mCACHE ActiveRecord::SchemaMigration Pluck (0.0ms)[0m  [1m[34mSELECT "schema_migrations"."version" FROM "schema_migrations" ORDER BY "schema_migrations"."version" ASC[0m
  
ActiveRecord::PendingMigrationError (

Migrations are pending. To resolve this issue, run:

        bin/rails db:migrate RAILS_ENV=development

You have 1 pending migration:

20150809022253_create_movies.rb


):
  
activerecord (7.0.8) lib/active_record/migration.rb:662:in `check_pending!'
activerecord (7.0.8) lib/active_record/migration.rb:627:in `block (2 levels) in call'
activesupport (7.0.8) lib/active_support/file_update_checker.rb:83:in `execute'
activerecord (7.0.8) lib/active_record/migration.rb:632:in `block in call'
activerecord (7.0.8) lib/active_record/migration.rb:624:in `synchronize'
activerecord (7.0.8) lib/active_record/migration.rb:624:in `call'
actionpack (7.0.8) lib/action_dispatch/middleware/callbacks.rb:27:in `block in call'
activesupport (7.0.8) lib/active_support/callbacks.rb:99:in `run_callbacks'
actionpack (7.0.8) lib/action_dispatch/middleware/callbacks.rb:26:in `call'
actionpack (7.0.8) lib/action_dispatch/middleware/executor.rb:14:in `call'
actionpack (7.0.8) lib/action_dispatch/middleware/actionable_exceptions.rb:17:in `call'
actionpack (7.0.8) lib/action_dispatch/middleware/debug_exceptions.rb:28:in `call'
web-console (2.3.0) lib/web_console/middleware.rb:28:in `block in call'
web-console (2.3.0) lib/web_console/middleware.rb:18:in `catch'
web-console (2.3.0) lib/web_console/middleware.rb:18:in `call'
actionpack (7.0.8) lib/action_dispatch/middleware/show_exceptions.rb:29:in `call'
railties (7.0.8) lib/rails/rack/logger.rb:40:in `call_app'
railties (7.0.8) lib/rails/rack/logger.rb:25:in `block in call'
activesupport (7.0.8) lib/active_support/tagged_logging.rb:99:in `block in tagged'
activesupport (7.0.8) lib/active_support/tagged_logging.rb:37:in `tagged'
activesupport (7.0.8) lib/active_support/tagged_logging.rb:99:in `tagged'
railties (7.0.8) lib/rails/rack/logger.rb:25:in `call'
actionpack (7.0.8) lib/action_dispatch/middleware/remote_ip.rb:93:in `call'
actionpack (7.0.8) lib/action_dispatch/middleware/request_id.rb:26:in `call'
rack (2.2.8) lib/rack/method_override.rb:24:in `call'
rack (2.2.8) lib/rack/runtime.rb:22:in `call'
actionpack (7.0.8) lib/action_dispatch/middleware/executor.rb:14:in `call'
actionpack (7.0.8) lib/action_dispatch/middleware/static.rb:23:in `call'
rack (2.2.8) lib/rack/sendfile.rb:110:in `call'
actionpack (7.0.8) lib/action_dispatch/middleware/host_authorization.rb:138:in `call'
railties (7.0.8) lib/rails/engine.rb:530:in `call'
puma (5.6.7) lib/puma/configuration.rb:252:in `call'
puma (5.6.7) lib/puma/request.rb:77:in `block in handle_request'
puma (5.6.7) lib/puma/thread_pool.rb:340:in `with_force_shutdown'
puma (5.6.7) lib/puma/request.rb:76:in `handle_request'
puma (5.6.7) lib/puma/server.rb:443:in `process_client'
puma (5.6.7) lib/puma/thread_pool.rb:147:in `block in spawn_thread'
DEPRECATION WARNING: Using legacy connection handling is deprecated. Please set
`legacy_connection_handling` to `false` in your application.

The new connection handling does not support `connection_handlers`
getter and setter.

Read more about how to migrate at: https://guides.rubyonrails.org/active_record_multiple_databases.html#migrate-to-the-new-connection-handling
 (called from require at bin/rails:8)
  [1m[36mActiveRecord::SchemaMigration Pluck (0.3ms)[0m  [1m[34mSELECT "schema_migrations"."version" FROM "schema_migrations" ORDER BY "schema_migrations"."version" ASC[0m
Migrating to CreateMovies (20150809022253)
DEPRECATION WARNING: Using legacy connection handling is deprecated. Please set
`legacy_connection_handling` to `false` in your application.

The new connection handling does not support `connection_handlers`
getter and setter.

Read more about how to migrate at: https://guides.rubyonrails.org/active_record_multiple_databases.html#migrate-to-the-new-connection-handling
 (called from require at bin/rails:8)
  [1m[36mActiveRecord::SchemaMigration Pluck (0.3ms)[0m  [1m[34mSELECT "schema_migrations"."version" FROM "schema_migrations" ORDER BY "schema_migrations"."version" ASC[0m
Migrating to CreateMovies (20150809022253)
DEPRECATION WARNING: Using legacy connection handling is deprecated. Please set
`legacy_connection_handling` to `false` in your application.

The new connection handling does not support `connection_handlers`
getter and setter.

Read more about how to migrate at: https://guides.rubyonrails.org/active_record_multiple_databases.html#migrate-to-the-new-connection-handling
 (called from require at bin/rails:8)
  [1m[36mActiveRecord::SchemaMigration Pluck (0.3ms)[0m  [1m[34mSELECT "schema_migrations"."version" FROM "schema_migrations" ORDER BY "schema_migrations"."version" ASC[0m
Migrating to CreateMovies (20150809022253)
  [1m[36mTRANSACTION (0.1ms)[0m  [1m[36mbegin transaction[0m
  [1m[35m (1.4ms)[0m  [1m[35mCREATE TABLE "movies" ("id" integer PRIMARY KEY AUTOINCREMENT NOT NULL, "title" varchar, "rating" varchar, "description" text, "release_date" datetime(6), "created_at" datetime(6) NOT NULL, "updated_at" datetime(6) NOT NULL)[0m
  [1m[36mActiveRecord::SchemaMigration Create (0.3ms)[0m  [1m[32mINSERT INTO "schema_migrations" ("version") VALUES (?)[0m  [["version", "20150809022253"]]
  [1m[36mTRANSACTION (7.7ms)[0m  [1m[36mcommit transaction[0m
  [1m[36mActiveRecord::InternalMetadata Load (0.3ms)[0m  [1m[34mSELECT "ar_internal_metadata".* FROM "ar_internal_metadata" WHERE "ar_internal_metadata"."key" = ? LIMIT ?[0m  [["key", "environment"], ["LIMIT", 1]]
  [1m[36mTRANSACTION (0.1ms)[0m  [1m[36mbegin transaction[0m
  [1m[36mActiveRecord::InternalMetadata Create (1.0ms)[0m  [1m[32mINSERT INTO "ar_internal_metadata" ("key", "value", "created_at", "updated_at") VALUES (?, ?, ?, ?)[0m  [["key", "environment"], ["value", "development"], ["created_at", "2023-12-05 16:29:14.705015"], ["updated_at", "2023-12-05 16:29:14.705015"]]
  [1m[36mTRANSACTION (8.6ms)[0m  [1m[36mcommit transaction[0m
  [1m[36mActiveRecord::SchemaMigration Pluck (0.2ms)[0m  [1m[34mSELECT "schema_migrations"."version" FROM "schema_migrations" ORDER BY "schema_migrations"."version" ASC[0m
DEPRECATION WARNING: Using legacy connection handling is deprecated. Please set
`legacy_connection_handling` to `false` in your application.

The new connection handling does not support `connection_handlers`
getter and setter.

Read more about how to migrate at: https://guides.rubyonrails.org/active_record_multiple_databases.html#migrate-to-the-new-connection-handling
 (called from block (2 levels) in <class:Railtie> at C:/Ruby30-x64/lib/ruby/gems/3.0.0/gems/activerecord-7.0.8/lib/active_record/railtie.rb:264)
Started GET "/" for ::1 at 2023-12-05 11:29:33 -0500
  [1m[36mActiveRecord::SchemaMigration Pluck (0.5ms)[0m  [1m[34mSELECT "schema_migrations"."version" FROM "schema_migrations" ORDER BY "schema_migrations"."version" ASC[0m
Processing by MoviesController#index as HTML
Completed 500 Internal Server Error in 18ms (ActiveRecord: 0.0ms | Allocations: 3510)


  
NoMethodError (undefined method `keys' for ["G", "PG", "PG-13", "R"]:Array):
  
app/controllers/movies_controller.rb:9:in `index'
DEPRECATION WARNING: Using legacy connection handling is deprecated. Please set
`legacy_connection_handling` to `false` in your application.

The new connection handling does not support `connection_handlers`
getter and setter.

Read more about how to migrate at: https://guides.rubyonrails.org/active_record_multiple_databases.html#migrate-to-the-new-connection-handling
 (called from block (2 levels) in <class:Railtie> at C:/Ruby30-x64/lib/ruby/gems/3.0.0/gems/activerecord-7.0.8/lib/active_record/railtie.rb:264)
Started GET "/" for ::1 at 2023-12-05 11:30:34 -0500
  [1m[36mActiveRecord::SchemaMigration Pluck (0.3ms)[0m  [1m[34mSELECT "schema_migrations"."version" FROM "schema_migrations" ORDER BY "schema_migrations"."version" ASC[0m
Processing by MoviesController#index as HTML
  Rendering layout layouts/application.html.erb
  Rendering movies/index.html.erb within layouts/application
  Rendered movies/index.html.erb within layouts/application (Duration: 12.6ms | Allocations: 3973)
  Rendered layout layouts/application.html.erb (Duration: 13.6ms | Allocations: 4063)
Completed 500 Internal Server Error in 66ms (ActiveRecord: 0.0ms | Allocations: 10814)


  
ActionView::Template::Error (undefined method `each' for nil:NilClass):
    24:     </tr>
    25:   </thead>
    26:   <tbody>
    27:     <% @movies.each do |movie| %>
    28:       <tr>
    29:         <td>
    30:           <%= movie.title %>
  
app/views/movies/index.html.erb:27
DEPRECATION WARNING: Using legacy connection handling is deprecated. Please set
`legacy_connection_handling` to `false` in your application.

The new connection handling does not support `connection_handlers`
getter and setter.

Read more about how to migrate at: https://guides.rubyonrails.org/active_record_multiple_databases.html#migrate-to-the-new-connection-handling
 (called from block (2 levels) in <class:Railtie> at C:/Ruby30-x64/lib/ruby/gems/3.0.0/gems/activerecord-7.0.8/lib/active_record/railtie.rb:264)
Started GET "/" for ::1 at 2023-12-05 11:31:20 -0500
  [1m[36mActiveRecord::SchemaMigration Pluck (0.3ms)[0m  [1m[34mSELECT "schema_migrations"."version" FROM "schema_migrations" ORDER BY "schema_migrations"."version" ASC[0m
Processing by MoviesController#index as HTML
Completed 500 Internal Server Error in 20ms (ActiveRecord: 0.0ms | Allocations: 3510)


  
NoMethodError (undefined method `keys' for ["G", "PG", "PG-13", "R"]:Array):
  
app/controllers/movies_controller.rb:9:in `index'
DEPRECATION WARNING: Using legacy connection handling is deprecated. Please set
`legacy_connection_handling` to `false` in your application.

The new connection handling does not support `connection_handlers`
getter and setter.

Read more about how to migrate at: https://guides.rubyonrails.org/active_record_multiple_databases.html#migrate-to-the-new-connection-handling
 (called from block (2 levels) in <class:Railtie> at C:/Ruby30-x64/lib/ruby/gems/3.0.0/gems/activerecord-7.0.8/lib/active_record/railtie.rb:264)
Started GET "/" for ::1 at 2023-12-05 11:32:35 -0500
  [1m[36mActiveRecord::SchemaMigration Pluck (0.4ms)[0m  [1m[34mSELECT "schema_migrations"."version" FROM "schema_migrations" ORDER BY "schema_migrations"."version" ASC[0m
Processing by MoviesController#index as HTML
Completed 500 Internal Server Error in 18ms (ActiveRecord: 0.0ms | Allocations: 3510)


  
NoMethodError (undefined method `keys' for ["G", "PG", "PG-13", "R"]:Array):
  
app/controllers/movies_controller.rb:9:in `index'
DEPRECATION WARNING: Using legacy connection handling is deprecated. Please set
`legacy_connection_handling` to `false` in your application.

The new connection handling does not support `connection_handlers`
getter and setter.

Read more about how to migrate at: https://guides.rubyonrails.org/active_record_multiple_databases.html#migrate-to-the-new-connection-handling
 (called from block (2 levels) in <class:Railtie> at C:/Ruby30-x64/lib/ruby/gems/3.0.0/gems/activerecord-7.0.8/lib/active_record/railtie.rb:264)
Started GET "/" for ::1 at 2023-12-05 11:33:44 -0500
  [1m[36mActiveRecord::SchemaMigration Pluck (0.3ms)[0m  [1m[34mSELECT "schema_migrations"."version" FROM "schema_migrations" ORDER BY "schema_migrations"."version" ASC[0m
Processing by MoviesController#index as HTML
  Rendering layout layouts/application.html.erb
  Rendering movies/index.html.erb within layouts/application
  [1m[36mMovie Load (0.7ms)[0m  [1m[34mSELECT "movies".* FROM "movies" WHERE "movies"."rating" IN (?, ?, ?, ?)[0m  [["rating", "G"], ["rating", "PG"], ["rating", "PG-13"], ["rating", "R"]]
  Rendered movies/index.html.erb within layouts/application (Duration: 9.1ms | Allocations: 2224)
  Rendered layouts/_flash.erb (Duration: 1.0ms | Allocations: 197)
  Rendered layout layouts/application.html.erb (Duration: 1137.0ms | Allocations: 306849)
Completed 200 OK in 1202ms (Views: 1156.5ms | ActiveRecord: 1.3ms | Allocations: 314516)


Started GET "/assets/jquery.self-bd7ddd393353a8d2480a622e80342adf488fb6006d667e8b42e4c0073393abee.js?body=1" for ::1 at 2023-12-05 11:33:46 -0500
Started GET "/assets/jquery_ujs.self-a6375ab2b275439c922ac52b02a475d288976458aa11a6e8103c925ef2961f66.js?body=1" for ::1 at 2023-12-05 11:33:46 -0500
Started GET "/assets/application.self-2a93abc018e19ac284b45e28318878d14881a8df722ec79ecff28b967fbcc107.js?body=1" for ::1 at 2023-12-05 11:33:46 -0500
Started GET "/assets/application.self-e80e8f2318043e8af94dddc2adad5a4f09739a8ebb323b3ab31cd71d45fd9113.css?body=1" for ::1 at 2023-12-05 11:33:46 -0500
Started GET "/movies/new" for ::1 at 2023-12-05 11:33:57 -0500
Processing by MoviesController#new as HTML
  Rendering layout layouts/application.html.erb
  Rendering movies/new.html.erb within layouts/application
  Rendered movies/new.html.erb within layouts/application (Duration: 67.1ms | Allocations: 5716)
  Rendered layouts/_flash.erb (Duration: 0.1ms | Allocations: 30)
  Rendered layout layouts/application.html.erb (Duration: 245.2ms | Allocations: 12217)
Completed 200 OK in 249ms (Views: 248.2ms | ActiveRecord: 0.0ms | Allocations: 12613)


Started POST "/movies" for ::1 at 2023-12-05 11:34:01 -0500
Processing by MoviesController#create as HTML
  Parameters: {"utf8"=>"✓", "authenticity_token"=>"hrRjqhL0avslKjZdF0k3LQV7PxgOHzqCGDZTefZNkeP7kvpN1pHZJuraUwosggYVaoM82tSP0Z_WIkVxTX8iZw", "movie"=>{"title"=>"a", "rating"=>"PG", "release_date(1i)"=>"2023", "release_date(2i)"=>"12", "release_date(3i)"=>"5"}, "commit"=>"Save Changes"}
  [1m[36mTRANSACTION (0.1ms)[0m  [1m[36mbegin transaction[0m
  [1m[36mMovie Create (1.4ms)[0m  [1m[32mINSERT INTO "movies" ("title", "rating", "release_date", "created_at", "updated_at") VALUES (?, ?, ?, ?, ?)[0m  [["title", "a"], ["rating", "PG"], ["release_date", "2023-12-05 00:00:00"], ["created_at", "2023-12-05 16:34:01.502649"], ["updated_at", "2023-12-05 16:34:01.502649"]]
  [1m[36mTRANSACTION (9.6ms)[0m  [1m[36mcommit transaction[0m
Redirected to http://localhost:3000/movies
Completed 302 Found in 39ms (ActiveRecord: 11.9ms | Allocations: 8236)


Started GET "/movies" for ::1 at 2023-12-05 11:34:01 -0500
Processing by MoviesController#index as HTML
  Rendering layout layouts/application.html.erb
  Rendering movies/index.html.erb within layouts/application
  [1m[36mMovie Load (0.4ms)[0m  [1m[34mSELECT "movies".* FROM "movies" WHERE "movies"."rating" IN (?, ?, ?, ?)[0m  [["rating", "G"], ["rating", "PG"], ["rating", "PG-13"], ["rating", "R"]]
  Rendered movies/index.html.erb within layouts/application (Duration: 3.9ms | Allocations: 1135)
  Rendered layouts/_flash.erb (Duration: 0.1ms | Allocations: 28)
  Rendered layout layouts/application.html.erb (Duration: 37.6ms | Allocations: 7587)
Completed 200 OK in 41ms (Views: 38.5ms | ActiveRecord: 0.4ms | Allocations: 9389)


Started GET "/movies?ratings%5B%5D=G&ratings%5B%5D=PG&ratings%5B%5D=PG-13&ratings%5B%5D=R&sort_column=title" for ::1 at 2023-12-05 11:34:15 -0500
Processing by MoviesController#index as HTML
  Parameters: {"ratings"=>["G", "PG", "PG-13", "R"], "sort_column"=>"title"}
  Rendering layout layouts/application.html.erb
  Rendering movies/index.html.erb within layouts/application
  [1m[36mMovie Load (0.4ms)[0m  [1m[34mSELECT "movies".* FROM "movies" WHERE "movies"."rating" IN (?, ?, ?, ?) ORDER BY "movies"."title" ASC[0m  [["rating", "G"], ["rating", "PG"], ["rating", "PG-13"], ["rating", "R"]]
  Rendered movies/index.html.erb within layouts/application (Duration: 4.9ms | Allocations: 991)
  Rendered layouts/_flash.erb (Duration: 0.1ms | Allocations: 23)
  Rendered layout layouts/application.html.erb (Duration: 27.8ms | Allocations: 7329)
Completed 200 OK in 31ms (Views: 28.7ms | ActiveRecord: 0.4ms | Allocations: 8980)


DEPRECATION WARNING: Using legacy connection handling is deprecated. Please set
`legacy_connection_handling` to `false` in your application.

The new connection handling does not support `connection_handlers`
getter and setter.

Read more about how to migrate at: https://guides.rubyonrails.org/active_record_multiple_databases.html#migrate-to-the-new-connection-handling
 (called from block (2 levels) in <class:Railtie> at C:/Ruby30-x64/lib/ruby/gems/3.0.0/gems/activerecord-7.0.8/lib/active_record/railtie.rb:264)
Started GET "/" for ::1 at 2023-12-05 11:36:05 -0500
  [1m[36mActiveRecord::SchemaMigration Pluck (0.4ms)[0m  [1m[34mSELECT "schema_migrations"."version" FROM "schema_migrations" ORDER BY "schema_migrations"."version" ASC[0m
Processing by MoviesController#index as HTML
  Rendering layout layouts/application.html.erb
  Rendering movies/index.html.erb within layouts/application
  [1m[36mMovie Load (0.4ms)[0m  [1m[34mSELECT "movies".* FROM "movies" WHERE "movies"."rating" IN (?, ?, ?, ?)[0m  [["rating", "G"], ["rating", "PG"], ["rating", "PG-13"], ["rating", "R"]]
  Rendered movies/index.html.erb within layouts/application (Duration: 29.6ms | Allocations: 6917)
  Rendered layouts/_flash.erb (Duration: 0.8ms | Allocations: 197)
  Rendered layout layouts/application.html.erb (Duration: 837.4ms | Allocations: 297507)
Completed 200 OK in 936ms (Views: 857.2ms | ActiveRecord: 1.5ms | Allocations: 305128)


DEPRECATION WARNING: Using legacy connection handling is deprecated. Please set
`legacy_connection_handling` to `false` in your application.

The new connection handling does not support `connection_handlers`
getter and setter.

Read more about how to migrate at: https://guides.rubyonrails.org/active_record_multiple_databases.html#migrate-to-the-new-connection-handling
 (called from block (2 levels) in <class:Railtie> at C:/Ruby30-x64/lib/ruby/gems/3.0.0/gems/activerecord-7.0.8/lib/active_record/railtie.rb:264)
Started GET "/" for ::1 at 2023-12-05 11:37:30 -0500
  [1m[36mActiveRecord::SchemaMigration Pluck (0.3ms)[0m  [1m[34mSELECT "schema_migrations"."version" FROM "schema_migrations" ORDER BY "schema_migrations"."version" ASC[0m
Processing by MoviesController#index as HTML
  Rendering layout layouts/application.html.erb
  Rendering movies/index.html.erb within layouts/application
  [1m[36mMovie Load (0.6ms)[0m  [1m[34mSELECT "movies".* FROM "movies" WHERE "movies"."rating" IN (?, ?, ?, ?)[0m  [["rating", "G"], ["rating", "PG"], ["rating", "PG-13"], ["rating", "R"]]
  Rendered movies/index.html.erb within layouts/application (Duration: 26.2ms | Allocations: 6916)
  Rendered layouts/_flash.erb (Duration: 0.6ms | Allocations: 197)
  Rendered layout layouts/application.html.erb (Duration: 336.5ms | Allocations: 295233)
Completed 200 OK in 408ms (Views: 351.5ms | ActiveRecord: 2.1ms | Allocations: 302853)


Started GET "/" for ::1 at 2023-12-05 11:38:30 -0500
  [1m[36mActiveRecord::SchemaMigration Pluck (0.3ms)[0m  [1m[34mSELECT "schema_migrations"."version" FROM "schema_migrations" ORDER BY "schema_migrations"."version" ASC[0m
Processing by MoviesController#index as HTML
  Rendering layout layouts/application.html.erb
  Rendering movies/index.html.erb within layouts/application
  [1m[36mMovie Load (0.4ms)[0m  [1m[34mSELECT "movies".* FROM "movies" WHERE "movies"."rating" IN (?, ?, ?, ?)[0m  [["rating", "G"], ["rating", "PG"], ["rating", "PG-13"], ["rating", "R"]]
  Rendered movies/index.html.erb within layouts/application (Duration: 24.9ms | Allocations: 6914)
  Rendered layouts/_flash.erb (Duration: 0.9ms | Allocations: 197)
  Rendered layout layouts/application.html.erb (Duration: 278.0ms | Allocations: 295221)
Completed 200 OK in 335ms (Views: 290.4ms | ActiveRecord: 1.6ms | Allocations: 304200)


Started GET "/" for ::1 at 2023-12-05 11:48:40 -0500
  [1m[36mActiveRecord::SchemaMigration Pluck (0.3ms)[0m  [1m[34mSELECT "schema_migrations"."version" FROM "schema_migrations" ORDER BY "schema_migrations"."version" ASC[0m
Processing by MoviesController#index as HTML
  Rendering layout layouts/application.html.erb
  Rendering movies/index.html.erb within layouts/application
  [1m[36mMovie Load (0.6ms)[0m  [1m[34mSELECT "movies".* FROM "movies" WHERE "movies"."rating" IN (?, ?, ?, ?)[0m  [["rating", "G"], ["rating", "PG"], ["rating", "PG-13"], ["rating", "R"]]
  Rendered movies/index.html.erb within layouts/application (Duration: 36.4ms | Allocations: 6915)
  Rendered layouts/_flash.erb (Duration: 0.6ms | Allocations: 197)
  Rendered layout layouts/application.html.erb (Duration: 296.7ms | Allocations: 295235)
Completed 200 OK in 375ms (Views: 308.0ms | ActiveRecord: 5.3ms | Allocations: 302858)


  [1m[36mActiveRecord::SchemaMigration Pluck (0.3ms)[0m  [1m[34mSELECT "schema_migrations"."version" FROM "schema_migrations" ORDER BY "schema_migrations"."version" ASC[0m
Migrating to CreateUsers (20231205165047)
  [1m[36mTRANSACTION (0.1ms)[0m  [1m[36mbegin transaction[0m
  [1m[35m (4.9ms)[0m  [1m[35mCREATE TABLE "users" ("id" integer PRIMARY KEY AUTOINCREMENT NOT NULL, "created_at" datetime(6) NOT NULL, "updated_at" datetime(6) NOT NULL)[0m
  [1m[36mActiveRecord::SchemaMigration Create (0.3ms)[0m  [1m[32mINSERT INTO "schema_migrations" ("version") VALUES (?)[0m  [["version", "20231205165047"]]
  [1m[36mTRANSACTION (7.9ms)[0m  [1m[36mcommit transaction[0m
  [1m[36mActiveRecord::InternalMetadata Load (1.7ms)[0m  [1m[34mSELECT "ar_internal_metadata".* FROM "ar_internal_metadata" WHERE "ar_internal_metadata"."key" = ? LIMIT ?[0m  [["key", "environment"], ["LIMIT", 1]]
  [1m[36mActiveRecord::SchemaMigration Pluck (0.2ms)[0m  [1m[34mSELECT "schema_migrations"."version" FROM "schema_migrations" ORDER BY "schema_migrations"."version" ASC[0m
Started GET "/" for ::1 at 2023-12-06 07:17:43 -0500
  [1m[36mActiveRecord::SchemaMigration Pluck (0.4ms)[0m  [1m[34mSELECT "schema_migrations"."version" FROM "schema_migrations" ORDER BY "schema_migrations"."version" ASC[0m
Processing by MoviesController#index as HTML
  Rendering layout layouts/application.html.erb
  Rendering movies/index.html.erb within layouts/application
  [1m[36mMovie Load (0.6ms)[0m  [1m[34mSELECT "movies".* FROM "movies" WHERE "movies"."rating" IN (?, ?, ?, ?)[0m  [["rating", "G"], ["rating", "PG"], ["rating", "PG-13"], ["rating", "R"]]
  Rendered movies/index.html.erb within layouts/application (Duration: 147.4ms | Allocations: 6918)
  Rendered layouts/_flash.erb (Duration: 12.1ms | Allocations: 197)
  Rendered layout layouts/application.html.erb (Duration: 899.0ms | Allocations: 295236)
Completed 200 OK in 1280ms (Views: 980.7ms | ActiveRecord: 1.9ms | Allocations: 302854)


Started GET "/movies/9999" for ::1 at 2023-12-06 07:17:58 -0500
Processing by MoviesController#show as HTML
  Parameters: {"id"=>"9999"}
  [1m[36mMovie Load (0.8ms)[0m  [1m[34mSELECT "movies".* FROM "movies" WHERE "movies"."id" = ? LIMIT ?[0m  [["id", 9999], ["LIMIT", 1]]
Completed 404 Not Found in 26ms (ActiveRecord: 0.8ms | Allocations: 4211)


  
ActiveRecord::RecordNotFound (Couldn't find Movie with 'id'=9999):
  
app/controllers/movies_controller.rb:5:in `show'
Started GET "/" for ::1 at 2023-12-06 07:22:22 -0500
Processing by MoviesController#index as HTML
  Rendering layout layouts/application.html.erb
  Rendering movies/index.html.erb within layouts/application
  [1m[36mMovie Load (0.7ms)[0m  [1m[34mSELECT "movies".* FROM "movies" WHERE "movies"."rating" IN (?, ?, ?, ?)[0m  [["rating", "G"], ["rating", "PG"], ["rating", "PG-13"], ["rating", "R"]]
  Rendered movies/index.html.erb within layouts/application (Duration: 11.6ms | Allocations: 3060)
  Rendered layouts/_flash.erb (Duration: 0.1ms | Allocations: 33)
  Rendered layout layouts/application.html.erb (Duration: 32.0ms | Allocations: 9602)
Completed 200 OK in 40ms (Views: 31.8ms | ActiveRecord: 2.8ms | Allocations: 12652)


Started GET "/movies/new" for ::1 at 2023-12-06 07:22:24 -0500
Processing by MoviesController#new as HTML
  Rendering layout layouts/application.html.erb
  Rendering movies/new.html.erb within layouts/application
  Rendered movies/new.html.erb within layouts/application (Duration: 102.1ms | Allocations: 5590)
  Rendered layouts/_flash.erb (Duration: 0.2ms | Allocations: 30)
  Rendered layout layouts/application.html.erb (Duration: 121.0ms | Allocations: 12043)
Completed 200 OK in 125ms (Views: 124.7ms | ActiveRecord: 0.0ms | Allocations: 12442)


Started POST "/movies" for ::1 at 2023-12-06 07:22:28 -0500
Processing by MoviesController#create as HTML
  Parameters: {"utf8"=>"✓", "authenticity_token"=>"SS4qLJqdqGMc3Oaec-ms_T9V1jG4G6a-wQCGPfyr8Uwf-Nf21FyoxQQyiSLaX59KDjP1xDjN-kxkoZGDlYP6gw", "movie"=>{"title"=>"XD", "rating"=>"G", "release_date(1i)"=>"2023", "release_date(2i)"=>"12", "release_date(3i)"=>"6"}, "commit"=>"Save Changes"}
  [1m[36mTRANSACTION (0.1ms)[0m  [1m[36mbegin transaction[0m
  [1m[36mMovie Create (3.2ms)[0m  [1m[32mINSERT INTO "movies" ("title", "rating", "release_date", "created_at", "updated_at") VALUES (?, ?, ?, ?, ?)[0m  [["title", "XD"], ["rating", "G"], ["release_date", "2023-12-06 00:00:00"], ["created_at", "2023-12-06 12:22:28.993717"], ["updated_at", "2023-12-06 12:22:28.993717"]]
  [1m[36mTRANSACTION (8.2ms)[0m  [1m[36mcommit transaction[0m
Redirected to http://localhost:3000/movies
Completed 302 Found in 20ms (ActiveRecord: 11.5ms | Allocations: 3558)


Started GET "/movies" for ::1 at 2023-12-06 07:22:29 -0500
Processing by MoviesController#index as HTML
  Rendering layout layouts/application.html.erb
  Rendering movies/index.html.erb within layouts/application
  [1m[36mMovie Load (0.4ms)[0m  [1m[34mSELECT "movies".* FROM "movies" WHERE "movies"."rating" IN (?, ?, ?, ?)[0m  [["rating", "G"], ["rating", "PG"], ["rating", "PG-13"], ["rating", "R"]]
  Rendered movies/index.html.erb within layouts/application (Duration: 3.2ms | Allocations: 1136)
  Rendered layouts/_flash.erb (Duration: 0.1ms | Allocations: 28)
  Rendered layout layouts/application.html.erb (Duration: 23.8ms | Allocations: 7582)
Completed 200 OK in 29ms (Views: 24.8ms | ActiveRecord: 0.4ms | Allocations: 9280)


Started GET "/movies" for ::1 at 2023-12-06 07:23:24 -0500
  
SyntaxError (C:/Users/viteo/OneDrive/Escritorio/PracticaCalificada5/app/controllers/movies_controller.rb:6: syntax error, unexpected local variable or method, expecting `then' or ';' or '\n'
    if(!@movie) flash[:notice] = "#{@movie} was su...
                ^~~~~
):
  
app/controllers/movies_controller.rb:6: syntax error, unexpected local variable or method, expecting `then' or ';' or '\n'
app/controllers/movies_controller.rb:6: syntax error, unexpected local variable or method, expecting `then' or ';' or '\n'
Started GET "/movies" for ::1 at 2023-12-06 07:23:43 -0500
  
SyntaxError (C:/Users/viteo/OneDrive/Escritorio/PracticaCalificada5/app/controllers/movies_controller.rb:64: syntax error, unexpected end-of-input, expecting `end'):
  
app/controllers/movies_controller.rb:64: syntax error, unexpected end-of-input, expecting `end'
app/controllers/movies_controller.rb:64: syntax error, unexpected end-of-input, expecting `end'
Started GET "/movies" for ::1 at 2023-12-06 07:25:18 -0500
Processing by MoviesController#index as HTML
  Rendering layout layouts/application.html.erb
  Rendering movies/index.html.erb within layouts/application
  [1m[36mMovie Load (0.7ms)[0m  [1m[34mSELECT "movies".* FROM "movies" WHERE "movies"."rating" IN (?, ?, ?, ?)[0m  [["rating", "G"], ["rating", "PG"], ["rating", "PG-13"], ["rating", "R"]]
  Rendered movies/index.html.erb within layouts/application (Duration: 10.3ms | Allocations: 3089)
  Rendered layouts/_flash.erb (Duration: 0.1ms | Allocations: 33)
  Rendered layout layouts/application.html.erb (Duration: 34.6ms | Allocations: 9631)
Completed 200 OK in 44ms (Views: 35.2ms | ActiveRecord: 2.3ms | Allocations: 12663)


Started GET "/movies/9" for ::1 at 2023-12-06 07:25:24 -0500
Processing by MoviesController#show as HTML
  Parameters: {"id"=>"9"}
  [1m[36mMovie Load (0.3ms)[0m  [1m[34mSELECT "movies".* FROM "movies" WHERE "movies"."id" = ? LIMIT ?[0m  [["id", 9], ["LIMIT", 1]]
Redirected to http://localhost:3000/movies
Completed 302 Found in 4ms (ActiveRecord: 0.3ms | Allocations: 2778)


Started GET "/movies" for ::1 at 2023-12-06 07:25:25 -0500
Processing by MoviesController#index as HTML
  Rendering layout layouts/application.html.erb
  Rendering movies/index.html.erb within layouts/application
  [1m[36mMovie Load (0.4ms)[0m  [1m[34mSELECT "movies".* FROM "movies" WHERE "movies"."rating" IN (?, ?, ?, ?)[0m  [["rating", "G"], ["rating", "PG"], ["rating", "PG-13"], ["rating", "R"]]
  Rendered movies/index.html.erb within layouts/application (Duration: 3.0ms | Allocations: 1054)
  Rendered layouts/_flash.erb (Duration: 0.1ms | Allocations: 23)
  Rendered layout layouts/application.html.erb (Duration: 27.1ms | Allocations: 7394)
Completed 200 OK in 31ms (Views: 28.3ms | ActiveRecord: 0.4ms | Allocations: 9027)


Started GET "/movies" for ::1 at 2023-12-06 07:25:51 -0500
Processing by MoviesController#index as HTML
  Rendering layout layouts/application.html.erb
  Rendering movies/index.html.erb within layouts/application
  [1m[36mMovie Load (0.5ms)[0m  [1m[34mSELECT "movies".* FROM "movies" WHERE "movies"."rating" IN (?, ?, ?, ?)[0m  [["rating", "G"], ["rating", "PG"], ["rating", "PG-13"], ["rating", "R"]]
  Rendered movies/index.html.erb within layouts/application (Duration: 9.6ms | Allocations: 3068)
  Rendered layouts/_flash.erb (Duration: 0.1ms | Allocations: 33)
  Rendered layout layouts/application.html.erb (Duration: 30.6ms | Allocations: 9608)
Completed 200 OK in 38ms (Views: 30.7ms | ActiveRecord: 2.3ms | Allocations: 12624)


Started GET "/movies/999" for ::1 at 2023-12-06 07:25:57 -0500
Processing by MoviesController#show as HTML
  Parameters: {"id"=>"999"}
  [1m[36mMovie Load (0.3ms)[0m  [1m[34mSELECT "movies".* FROM "movies" WHERE "movies"."id" = ? LIMIT ?[0m  [["id", 999], ["LIMIT", 1]]
Redirected to http://localhost:3000/movies
Completed 302 Found in 5ms (ActiveRecord: 0.3ms | Allocations: 2762)


Started GET "/movies" for ::1 at 2023-12-06 07:25:57 -0500
Processing by MoviesController#index as HTML
  Rendering layout layouts/application.html.erb
  Rendering movies/index.html.erb within layouts/application
  [1m[36mMovie Load (0.4ms)[0m  [1m[34mSELECT "movies".* FROM "movies" WHERE "movies"."rating" IN (?, ?, ?, ?)[0m  [["rating", "G"], ["rating", "PG"], ["rating", "PG-13"], ["rating", "R"]]
  Rendered movies/index.html.erb within layouts/application (Duration: 3.5ms | Allocations: 1054)
  Rendered layouts/_flash.erb (Duration: 0.1ms | Allocations: 25)
  Rendered layout layouts/application.html.erb (Duration: 28.0ms | Allocations: 7397)
Completed 200 OK in 32ms (Views: 29.6ms | ActiveRecord: 0.4ms | Allocations: 9050)


Started GET "/movies/999" for ::1 at 2023-12-06 07:26:27 -0500
Processing by MoviesController#show as HTML
  Parameters: {"id"=>"999"}
  [1m[36mMovie Load (0.3ms)[0m  [1m[34mSELECT "movies".* FROM "movies" WHERE "movies"."id" = ? LIMIT ?[0m  [["id", 999], ["LIMIT", 1]]
Redirected to http://localhost:3000/movies
Completed 302 Found in 5ms (ActiveRecord: 0.3ms | Allocations: 1560)


Started GET "/movies" for ::1 at 2023-12-06 07:26:27 -0500
Processing by MoviesController#index as HTML
  Rendering layout layouts/application.html.erb
  Rendering movies/index.html.erb within layouts/application
  [1m[36mMovie Load (0.4ms)[0m  [1m[34mSELECT "movies".* FROM "movies" WHERE "movies"."rating" IN (?, ?, ?, ?)[0m  [["rating", "G"], ["rating", "PG"], ["rating", "PG-13"], ["rating", "R"]]
  Rendered movies/index.html.erb within layouts/application (Duration: 3.5ms | Allocations: 1054)
  Rendered layouts/_flash.erb (Duration: 0.1ms | Allocations: 24)
  Rendered layout layouts/application.html.erb (Duration: 23.9ms | Allocations: 7393)
Completed 200 OK in 27ms (Views: 24.8ms | ActiveRecord: 0.4ms | Allocations: 9028)


Started GET "/movies/1" for ::1 at 2023-12-06 07:34:54 -0500
Processing by MoviesController#show as HTML
  Parameters: {"id"=>"1"}
  [1m[36mMovie Load (0.2ms)[0m  [1m[34mSELECT "movies".* FROM "movies" WHERE "movies"."id" = ? LIMIT ?[0m  [["id", 1], ["LIMIT", 1]]
  Rendering layout layouts/application.html.erb
  Rendering movies/show.html.erb within layouts/application
  Rendered movies/show.html.erb within layouts/application (Duration: 33.6ms | Allocations: 477)
  Rendered layouts/_flash.erb (Duration: 0.1ms | Allocations: 23)
  Rendered layout layouts/application.html.erb (Duration: 53.7ms | Allocations: 6817)
Completed 200 OK in 65ms (Views: 54.9ms | ActiveRecord: 0.7ms | Allocations: 8756)


Started DELETE "/movies/1" for ::1 at 2023-12-06 07:34:57 -0500
Processing by MoviesController#destroy as HTML
  Parameters: {"authenticity_token"=>"35XQUrEqlad3ay3Pv85YKQ95Do1yAQ056rQrGVvNgAiJQy2I_-uVAW-FQnMWeGuePh8tePLXUctPFTynMuWLxw", "id"=>"1"}
  [1m[36mMovie Load (0.2ms)[0m  [1m[34mSELECT "movies".* FROM "movies" WHERE "movies"."id" = ? LIMIT ?[0m  [["id", 1], ["LIMIT", 1]]
  [1m[36mTRANSACTION (0.1ms)[0m  [1m[36mbegin transaction[0m
  [1m[36mMovie Destroy (6.6ms)[0m  [1m[31mDELETE FROM "movies" WHERE "movies"."id" = ?[0m  [["id", 1]]
  [1m[36mTRANSACTION (17.8ms)[0m  [1m[36mcommit transaction[0m
Redirected to http://localhost:3000/movies
Completed 302 Found in 33ms (ActiveRecord: 24.8ms | Allocations: 2539)


Started GET "/movies" for ::1 at 2023-12-06 07:34:57 -0500
Processing by MoviesController#index as HTML
  Rendering layout layouts/application.html.erb
  Rendering movies/index.html.erb within layouts/application
  [1m[36mMovie Load (0.4ms)[0m  [1m[34mSELECT "movies".* FROM "movies" WHERE "movies"."rating" IN (?, ?, ?, ?)[0m  [["rating", "G"], ["rating", "PG"], ["rating", "PG-13"], ["rating", "R"]]
  Rendered movies/index.html.erb within layouts/application (Duration: 3.1ms | Allocations: 987)
  Rendered layouts/_flash.erb (Duration: 0.1ms | Allocations: 24)
  Rendered layout layouts/application.html.erb (Duration: 24.8ms | Allocations: 7328)
Completed 200 OK in 30ms (Views: 25.7ms | ActiveRecord: 0.4ms | Allocations: 8965)


Started GET "/movies/2" for ::1 at 2023-12-06 07:34:58 -0500
Processing by MoviesController#show as HTML
  Parameters: {"id"=>"2"}
  [1m[36mMovie Load (0.2ms)[0m  [1m[34mSELECT "movies".* FROM "movies" WHERE "movies"."id" = ? LIMIT ?[0m  [["id", 2], ["LIMIT", 1]]
  Rendering layout layouts/application.html.erb
  Rendering movies/show.html.erb within layouts/application
  Rendered movies/show.html.erb within layouts/application (Duration: 0.5ms | Allocations: 186)
  Rendered layouts/_flash.erb (Duration: 0.1ms | Allocations: 23)
  Rendered layout layouts/application.html.erb (Duration: 21.9ms | Allocations: 6524)
Completed 200 OK in 27ms (Views: 24.0ms | ActiveRecord: 0.2ms | Allocations: 8201)


Started DELETE "/movies/2" for ::1 at 2023-12-06 07:35:01 -0500
Processing by MoviesController#destroy as HTML
  Parameters: {"authenticity_token"=>"SbIuYp9bxlHmPSprG0JOonFWBjUE7fZz9ffRLCbmy_8fZNO40ZrG9_7TRdey9H0VQDAlwIQ7qoFQVsaST87AMA", "id"=>"2"}
  [1m[36mMovie Load (0.3ms)[0m  [1m[34mSELECT "movies".* FROM "movies" WHERE "movies"."id" = ? LIMIT ?[0m  [["id", 2], ["LIMIT", 1]]
  [1m[36mTRANSACTION (0.1ms)[0m  [1m[36mbegin transaction[0m
  [1m[36mMovie Destroy (1.5ms)[0m  [1m[31mDELETE FROM "movies" WHERE "movies"."id" = ?[0m  [["id", 2]]
  [1m[36mTRANSACTION (9.0ms)[0m  [1m[36mcommit transaction[0m
Redirected to http://localhost:3000/movies
Completed 302 Found in 19ms (ActiveRecord: 10.8ms | Allocations: 1814)


Started GET "/movies" for ::1 at 2023-12-06 07:35:01 -0500
Processing by MoviesController#index as HTML
  Rendering layout layouts/application.html.erb
  Rendering movies/index.html.erb within layouts/application
  [1m[36mMovie Load (0.3ms)[0m  [1m[34mSELECT "movies".* FROM "movies" WHERE "movies"."rating" IN (?, ?, ?, ?)[0m  [["rating", "G"], ["rating", "PG"], ["rating", "PG-13"], ["rating", "R"]]
  Rendered movies/index.html.erb within layouts/application (Duration: 2.4ms | Allocations: 916)
  Rendered layouts/_flash.erb (Duration: 0.1ms | Allocations: 24)
  Rendered layout layouts/application.html.erb (Duration: 24.4ms | Allocations: 7255)
Completed 200 OK in 27ms (Views: 25.3ms | ActiveRecord: 0.3ms | Allocations: 8894)


Started GET "/movies/new" for ::1 at 2023-12-06 07:35:02 -0500
Processing by MoviesController#new as HTML
  Rendering layout layouts/application.html.erb
  Rendering movies/new.html.erb within layouts/application
  Rendered movies/new.html.erb within layouts/application (Duration: 4.6ms | Allocations: 4022)
  Rendered layouts/_flash.erb (Duration: 0.1ms | Allocations: 23)
  Rendered layout layouts/application.html.erb (Duration: 27.3ms | Allocations: 10347)
Completed 200 OK in 29ms (Views: 28.3ms | ActiveRecord: 0.0ms | Allocations: 10632)


Started POST "/movies" for ::1 at 2023-12-06 07:35:08 -0500
Processing by MoviesController#create as HTML
  Parameters: {"utf8"=>"✓", "authenticity_token"=>"IaZK4WQwswQ3lgs2-Dso2ZU2-IFBCKp-KH9mg-uO7Y53cLc7KvGzoi94ZIpRjRtupFDbdMHe9oyN3nE9gqbmQQ", "movie"=>{"title"=>"MovieG", "rating"=>"G", "release_date(1i)"=>"2023", "release_date(2i)"=>"12", "release_date(3i)"=>"6"}, "commit"=>"Save Changes"}
  [1m[36mTRANSACTION (0.1ms)[0m  [1m[36mbegin transaction[0m
  [1m[36mMovie Create (1.2ms)[0m  [1m[32mINSERT INTO "movies" ("title", "rating", "release_date", "created_at", "updated_at") VALUES (?, ?, ?, ?, ?)[0m  [["title", "MovieG"], ["rating", "G"], ["release_date", "2023-12-06 00:00:00"], ["created_at", "2023-12-06 12:35:08.694606"], ["updated_at", "2023-12-06 12:35:08.694606"]]
  [1m[36mTRANSACTION (8.9ms)[0m  [1m[36mcommit transaction[0m
Redirected to http://localhost:3000/movies
Completed 302 Found in 17ms (ActiveRecord: 10.2ms | Allocations: 2325)


Started GET "/movies" for ::1 at 2023-12-06 07:35:08 -0500
Processing by MoviesController#index as HTML
  Rendering layout layouts/application.html.erb
  Rendering movies/index.html.erb within layouts/application
  [1m[36mMovie Load (0.4ms)[0m  [1m[34mSELECT "movies".* FROM "movies" WHERE "movies"."rating" IN (?, ?, ?, ?)[0m  [["rating", "G"], ["rating", "PG"], ["rating", "PG-13"], ["rating", "R"]]
  Rendered movies/index.html.erb within layouts/application (Duration: 3.0ms | Allocations: 987)
  Rendered layouts/_flash.erb (Duration: 0.1ms | Allocations: 25)
  Rendered layout layouts/application.html.erb (Duration: 26.7ms | Allocations: 7327)
Completed 200 OK in 30ms (Views: 27.8ms | ActiveRecord: 0.4ms | Allocations: 8966)


Started GET "/movies/new" for ::1 at 2023-12-06 07:35:10 -0500
Processing by MoviesController#new as HTML
  Rendering layout layouts/application.html.erb
  Rendering movies/new.html.erb within layouts/application
  Rendered movies/new.html.erb within layouts/application (Duration: 3.2ms | Allocations: 3965)
  Rendered layouts/_flash.erb (Duration: 0.1ms | Allocations: 23)
  Rendered layout layouts/application.html.erb (Duration: 28.2ms | Allocations: 10290)
Completed 200 OK in 32ms (Views: 31.5ms | ActiveRecord: 0.0ms | Allocations: 10573)


Started POST "/movies" for ::1 at 2023-12-06 07:35:19 -0500
Processing by MoviesController#create as HTML
  Parameters: {"utf8"=>"✓", "authenticity_token"=>"6xoE25kItMFB5xW3oIw_Er-E1Z2YAnUNoqPeIn-CkXO9zPkB18m0Z1kJegsJOgyljuL2aBjUKf8HAsmcFqqavA", "movie"=>{"title"=>"MoviePG", "rating"=>"PG", "release_date(1i)"=>"2023", "release_date(2i)"=>"12", "release_date(3i)"=>"6"}, "commit"=>"Save Changes"}
  [1m[36mTRANSACTION (0.1ms)[0m  [1m[36mbegin transaction[0m
  [1m[36mMovie Create (1.5ms)[0m  [1m[32mINSERT INTO "movies" ("title", "rating", "release_date", "created_at", "updated_at") VALUES (?, ?, ?, ?, ?)[0m  [["title", "MoviePG"], ["rating", "PG"], ["release_date", "2023-12-06 00:00:00"], ["created_at", "2023-12-06 12:35:19.605068"], ["updated_at", "2023-12-06 12:35:19.605068"]]
  [1m[36mTRANSACTION (7.6ms)[0m  [1m[36mcommit transaction[0m
Redirected to http://localhost:3000/movies
Completed 302 Found in 22ms (ActiveRecord: 9.3ms | Allocations: 2172)


Started GET "/movies" for ::1 at 2023-12-06 07:35:19 -0500
Processing by MoviesController#index as HTML
  Rendering layout layouts/application.html.erb
  Rendering movies/index.html.erb within layouts/application
  [1m[36mMovie Load (0.3ms)[0m  [1m[34mSELECT "movies".* FROM "movies" WHERE "movies"."rating" IN (?, ?, ?, ?)[0m  [["rating", "G"], ["rating", "PG"], ["rating", "PG-13"], ["rating", "R"]]
  Rendered movies/index.html.erb within layouts/application (Duration: 3.2ms | Allocations: 1054)
  Rendered layouts/_flash.erb (Duration: 0.1ms | Allocations: 25)
  Rendered layout layouts/application.html.erb (Duration: 24.0ms | Allocations: 7394)
Completed 200 OK in 27ms (Views: 24.9ms | ActiveRecord: 0.3ms | Allocations: 9033)


Started GET "/movies/new" for ::1 at 2023-12-06 07:35:21 -0500
Processing by MoviesController#new as HTML
  Rendering layout layouts/application.html.erb
  Rendering movies/new.html.erb within layouts/application
  Rendered movies/new.html.erb within layouts/application (Duration: 3.2ms | Allocations: 3965)
  Rendered layouts/_flash.erb (Duration: 0.1ms | Allocations: 23)
  Rendered layout layouts/application.html.erb (Duration: 38.6ms | Allocations: 10308)
Completed 200 OK in 40ms (Views: 39.7ms | ActiveRecord: 0.0ms | Allocations: 10591)


Started POST "/movies" for ::1 at 2023-12-06 07:35:27 -0500
Processing by MoviesController#create as HTML
  Parameters: {"utf8"=>"✓", "authenticity_token"=>"4pWt3B25SrIf4d2V_frmIIGcaxI7pb6s122oDnrEB5a0Q1AGU3hKFAcPsilUTNWXsPpI57tz4l5yzL-wE-wMWQ", "movie"=>{"title"=>"MoviePG-13", "rating"=>"G", "release_date(1i)"=>"2023", "release_date(2i)"=>"12", "release_date(3i)"=>"6"}, "commit"=>"Save Changes"}
  [1m[36mTRANSACTION (0.1ms)[0m  [1m[36mbegin transaction[0m
  [1m[36mMovie Create (1.5ms)[0m  [1m[32mINSERT INTO "movies" ("title", "rating", "release_date", "created_at", "updated_at") VALUES (?, ?, ?, ?, ?)[0m  [["title", "MoviePG-13"], ["rating", "G"], ["release_date", "2023-12-06 00:00:00"], ["created_at", "2023-12-06 12:35:27.051868"], ["updated_at", "2023-12-06 12:35:27.051868"]]
  [1m[36mTRANSACTION (8.7ms)[0m  [1m[36mcommit transaction[0m
Redirected to http://localhost:3000/movies
Completed 302 Found in 23ms (ActiveRecord: 10.3ms | Allocations: 2124)


Started GET "/movies" for ::1 at 2023-12-06 07:35:27 -0500
Processing by MoviesController#index as HTML
  Rendering layout layouts/application.html.erb
  Rendering movies/index.html.erb within layouts/application
  [1m[36mMovie Load (0.5ms)[0m  [1m[34mSELECT "movies".* FROM "movies" WHERE "movies"."rating" IN (?, ?, ?, ?)[0m  [["rating", "G"], ["rating", "PG"], ["rating", "PG-13"], ["rating", "R"]]
  Rendered movies/index.html.erb within layouts/application (Duration: 3.8ms | Allocations: 1122)
  Rendered layouts/_flash.erb (Duration: 0.1ms | Allocations: 25)
  Rendered layout layouts/application.html.erb (Duration: 24.4ms | Allocations: 7462)
Completed 200 OK in 29ms (Views: 26.6ms | ActiveRecord: 0.5ms | Allocations: 9104)


Started GET "/movies/new" for ::1 at 2023-12-06 07:35:28 -0500
Processing by MoviesController#new as HTML
  Rendering layout layouts/application.html.erb
  Rendering movies/new.html.erb within layouts/application
  Rendered movies/new.html.erb within layouts/application (Duration: 3.2ms | Allocations: 3965)
  Rendered layouts/_flash.erb (Duration: 0.1ms | Allocations: 23)
  Rendered layout layouts/application.html.erb (Duration: 30.5ms | Allocations: 10290)
Completed 200 OK in 32ms (Views: 31.6ms | ActiveRecord: 0.0ms | Allocations: 10573)


Started POST "/movies" for ::1 at 2023-12-06 07:35:36 -0500
Processing by MoviesController#create as HTML
  Parameters: {"utf8"=>"✓", "authenticity_token"=>"CKEK0glc0fFWMLFllxk8aLpv77OFEOvwdeRRN8TK6xJed_cIR53RV07e3tk-rw_fiwnMRgXGtwLQRUaJreLg3Q", "movie"=>{"title"=>"MovieR", "rating"=>"G", "release_date(1i)"=>"2023", "release_date(2i)"=>"12", "release_date(3i)"=>"6"}, "commit"=>"Save Changes"}
  [1m[36mTRANSACTION (0.1ms)[0m  [1m[36mbegin transaction[0m
  [1m[36mMovie Create (1.6ms)[0m  [1m[32mINSERT INTO "movies" ("title", "rating", "release_date", "created_at", "updated_at") VALUES (?, ?, ?, ?, ?)[0m  [["title", "MovieR"], ["rating", "G"], ["release_date", "2023-12-06 00:00:00"], ["created_at", "2023-12-06 12:35:36.571015"], ["updated_at", "2023-12-06 12:35:36.571015"]]
  [1m[36mTRANSACTION (9.7ms)[0m  [1m[36mcommit transaction[0m
Redirected to http://localhost:3000/movies
Completed 302 Found in 19ms (ActiveRecord: 11.4ms | Allocations: 2172)


Started GET "/movies" for ::1 at 2023-12-06 07:35:36 -0500
Processing by MoviesController#index as HTML
  Rendering layout layouts/application.html.erb
  Rendering movies/index.html.erb within layouts/application
  [1m[36mMovie Load (0.3ms)[0m  [1m[34mSELECT "movies".* FROM "movies" WHERE "movies"."rating" IN (?, ?, ?, ?)[0m  [["rating", "G"], ["rating", "PG"], ["rating", "PG-13"], ["rating", "R"]]
  Rendered movies/index.html.erb within layouts/application (Duration: 2.9ms | Allocations: 1189)
  Rendered layouts/_flash.erb (Duration: 0.1ms | Allocations: 25)
  Rendered layout layouts/application.html.erb (Duration: 23.8ms | Allocations: 7529)
Completed 200 OK in 27ms (Views: 24.9ms | ActiveRecord: 0.3ms | Allocations: 9168)


Started GET "/movies/6" for ::1 at 2023-12-06 07:35:38 -0500
Processing by MoviesController#show as HTML
  Parameters: {"id"=>"6"}
  [1m[36mMovie Load (0.2ms)[0m  [1m[34mSELECT "movies".* FROM "movies" WHERE "movies"."id" = ? LIMIT ?[0m  [["id", 6], ["LIMIT", 1]]
  Rendering layout layouts/application.html.erb
  Rendering movies/show.html.erb within layouts/application
  Rendered movies/show.html.erb within layouts/application (Duration: 1.3ms | Allocations: 186)
  Rendered layouts/_flash.erb (Duration: 0.1ms | Allocations: 23)
  Rendered layout layouts/application.html.erb (Duration: 24.5ms | Allocations: 6525)
Completed 200 OK in 28ms (Views: 25.6ms | ActiveRecord: 0.2ms | Allocations: 8201)


Started DELETE "/movies/6" for ::1 at 2023-12-06 07:35:41 -0500
Processing by MoviesController#destroy as HTML
  Parameters: {"authenticity_token"=>"q3prF_f56zflvlac603qqERt-DwivGzxLqKAbWuXifX9rJbNuTjrkf1QOSBC-9kfdQvbyaJqMAOLA5fTAr-COg", "id"=>"6"}
  [1m[36mMovie Load (0.3ms)[0m  [1m[34mSELECT "movies".* FROM "movies" WHERE "movies"."id" = ? LIMIT ?[0m  [["id", 6], ["LIMIT", 1]]
  [1m[36mTRANSACTION (0.1ms)[0m  [1m[36mbegin transaction[0m
  [1m[36mMovie Destroy (1.5ms)[0m  [1m[31mDELETE FROM "movies" WHERE "movies"."id" = ?[0m  [["id", 6]]
  [1m[36mTRANSACTION (9.3ms)[0m  [1m[36mcommit transaction[0m
Redirected to http://localhost:3000/movies
Completed 302 Found in 20ms (ActiveRecord: 11.1ms | Allocations: 1814)


Started GET "/movies" for ::1 at 2023-12-06 07:35:41 -0500
Processing by MoviesController#index as HTML
  Rendering layout layouts/application.html.erb
  Rendering movies/index.html.erb within layouts/application
  [1m[36mMovie Load (0.3ms)[0m  [1m[34mSELECT "movies".* FROM "movies" WHERE "movies"."rating" IN (?, ?, ?, ?)[0m  [["rating", "G"], ["rating", "PG"], ["rating", "PG-13"], ["rating", "R"]]
  Rendered movies/index.html.erb within layouts/application (Duration: 3.2ms | Allocations: 1121)
  Rendered layouts/_flash.erb (Duration: 0.1ms | Allocations: 24)
  Rendered layout layouts/application.html.erb (Duration: 22.7ms | Allocations: 7480)
Completed 200 OK in 26ms (Views: 23.7ms | ActiveRecord: 0.3ms | Allocations: 9121)


Started GET "/movies/new" for ::1 at 2023-12-06 07:35:43 -0500
Processing by MoviesController#new as HTML
  Rendering layout layouts/application.html.erb
  Rendering movies/new.html.erb within layouts/application
  Rendered movies/new.html.erb within layouts/application (Duration: 3.4ms | Allocations: 3965)
  Rendered layouts/_flash.erb (Duration: 0.1ms | Allocations: 23)
  Rendered layout layouts/application.html.erb (Duration: 24.6ms | Allocations: 10290)
Completed 200 OK in 27ms (Views: 26.0ms | ActiveRecord: 0.0ms | Allocations: 10573)


Started POST "/movies" for ::1 at 2023-12-06 07:35:50 -0500
Processing by MoviesController#create as HTML
  Parameters: {"utf8"=>"✓", "authenticity_token"=>"KItOpxXyV_SX65ln-NHLDoSeTDM1xLd3z1dAa9Yuq15-XbN9WzNXUo8F9ttRZ_i5tfhvxrUS64Vq9lfVvwagkQ", "movie"=>{"title"=>"MovieR", "rating"=>"R", "release_date(1i)"=>"2023", "release_date(2i)"=>"12", "release_date(3i)"=>"6"}, "commit"=>"Save Changes"}
  [1m[36mTRANSACTION (0.1ms)[0m  [1m[36mbegin transaction[0m
  [1m[36mMovie Create (1.3ms)[0m  [1m[32mINSERT INTO "movies" ("title", "rating", "release_date", "created_at", "updated_at") VALUES (?, ?, ?, ?, ?)[0m  [["title", "MovieR"], ["rating", "R"], ["release_date", "2023-12-06 00:00:00"], ["created_at", "2023-12-06 12:35:50.149291"], ["updated_at", "2023-12-06 12:35:50.149291"]]
  [1m[36mTRANSACTION (7.7ms)[0m  [1m[36mcommit transaction[0m
Redirected to http://localhost:3000/movies
Completed 302 Found in 18ms (ActiveRecord: 9.1ms | Allocations: 2172)


Started GET "/movies" for ::1 at 2023-12-06 07:35:50 -0500
Processing by MoviesController#index as HTML
  Rendering layout layouts/application.html.erb
  Rendering movies/index.html.erb within layouts/application
  [1m[36mMovie Load (0.3ms)[0m  [1m[34mSELECT "movies".* FROM "movies" WHERE "movies"."rating" IN (?, ?, ?, ?)[0m  [["rating", "G"], ["rating", "PG"], ["rating", "PG-13"], ["rating", "R"]]
  Rendered movies/index.html.erb within layouts/application (Duration: 2.9ms | Allocations: 1189)
  Rendered layouts/_flash.erb (Duration: 0.1ms | Allocations: 25)
  Rendered layout layouts/application.html.erb (Duration: 26.8ms | Allocations: 7529)
Completed 200 OK in 29ms (Views: 27.6ms | ActiveRecord: 0.3ms | Allocations: 9168)


Started GET "/movies/new" for ::1 at 2023-12-06 07:35:51 -0500
Processing by MoviesController#new as HTML
  Rendering layout layouts/application.html.erb
  Rendering movies/new.html.erb within layouts/application
  Rendered movies/new.html.erb within layouts/application (Duration: 3.3ms | Allocations: 3965)
  Rendered layouts/_flash.erb (Duration: 0.1ms | Allocations: 23)
  Rendered layout layouts/application.html.erb (Duration: 26.2ms | Allocations: 10308)
Completed 200 OK in 28ms (Views: 27.4ms | ActiveRecord: 0.0ms | Allocations: 10591)


Started POST "/movies" for ::1 at 2023-12-06 07:35:59 -0500
Processing by MoviesController#create as HTML
  Parameters: {"utf8"=>"✓", "authenticity_token"=>"RKQQZJP17MO5calH3VF_emE27S9GiohjzeHJC2_I27QScu2-3TTsZaGfxvt050zNUFDO2sZc1JFoQN61BuDQew", "movie"=>{"title"=>"MovieNC-17", "rating"=>"NC-17", "release_date(1i)"=>"2023", "release_date(2i)"=>"12", "release_date(3i)"=>"6"}, "commit"=>"Save Changes"}
  [1m[36mTRANSACTION (0.1ms)[0m  [1m[36mbegin transaction[0m
  [1m[36mMovie Create (1.2ms)[0m  [1m[32mINSERT INTO "movies" ("title", "rating", "release_date", "created_at", "updated_at") VALUES (?, ?, ?, ?, ?)[0m  [["title", "MovieNC-17"], ["rating", "NC-17"], ["release_date", "2023-12-06 00:00:00"], ["created_at", "2023-12-06 12:35:59.635358"], ["updated_at", "2023-12-06 12:35:59.635358"]]
  [1m[36mTRANSACTION (8.7ms)[0m  [1m[36mcommit transaction[0m
Redirected to http://localhost:3000/movies
Completed 302 Found in 20ms (ActiveRecord: 9.9ms | Allocations: 2190)


Started GET "/movies" for ::1 at 2023-12-06 07:35:59 -0500
Processing by MoviesController#index as HTML
  Rendering layout layouts/application.html.erb
  Rendering movies/index.html.erb within layouts/application
  [1m[36mMovie Load (0.3ms)[0m  [1m[34mSELECT "movies".* FROM "movies" WHERE "movies"."rating" IN (?, ?, ?, ?)[0m  [["rating", "G"], ["rating", "PG"], ["rating", "PG-13"], ["rating", "R"]]
  Rendered movies/index.html.erb within layouts/application (Duration: 3.3ms | Allocations: 1190)
  Rendered layouts/_flash.erb (Duration: 0.1ms | Allocations: 25)
  Rendered layout layouts/application.html.erb (Duration: 24.3ms | Allocations: 7532)
Completed 200 OK in 29ms (Views: 25.6ms | ActiveRecord: 0.3ms | Allocations: 9176)


Started GET "/movies/new" for ::1 at 2023-12-06 07:45:02 -0500
Processing by MoviesController#new as HTML
  Rendering layout layouts/application.html.erb
  Rendering movies/new.html.erb within layouts/application
  Rendered movies/new.html.erb within layouts/application (Duration: 6.4ms | Allocations: 3966)
  Rendered layouts/_flash.erb (Duration: 0.1ms | Allocations: 23)
  Rendered layout layouts/application.html.erb (Duration: 28.4ms | Allocations: 10293)
Completed 200 OK in 30ms (Views: 29.9ms | ActiveRecord: 0.0ms | Allocations: 10579)


Started GET "/movies?utf8=%E2%9C%93&ratings%5BG%5D=1&commit=Refresh+Page" for ::1 at 2023-12-06 07:45:40 -0500
Processing by MoviesController#index as HTML
  Parameters: {"utf8"=>"✓", "ratings"=>{"G"=>"1"}, "commit"=>"Refresh Page"}
  Rendering layout layouts/application.html.erb
  Rendering movies/index.html.erb within layouts/application
  Rendered movies/index.html.erb within layouts/application (Duration: 2.0ms | Allocations: 1534)
  Rendered layout layouts/application.html.erb (Duration: 3.1ms | Allocations: 1600)
Completed 500 Internal Server Error in 7ms (ActiveRecord: 0.0ms | Allocations: 3164)


  
ActionView::Template::Error (unable to convert unpermitted parameters to hash):
    17: <table class="table table-striped col-md-12" id="movies">
    18:   <thead>
    19:     <tr>
    20:       <th id="title_link"><%= link_to "Movie Title", movies_path(sort_column: 'title', ratings: @selected_ratings) %></th>
    21:       <th>Rating</th>
    22:       <th id="release_date_link" ><%= link_to "Release Date", movies_path(sort_column: 'release_date', ratings: @selected_ratings)%></th>
    23:       <th>More Info</th>
  
app/views/movies/index.html.erb:20
Started GET "/movies?utf8=%E2%9C%93&ratings%5BG%5D=1&commit=Refresh+Page" for ::1 at 2023-12-06 07:48:53 -0500
Processing by MoviesController#index as HTML
  Parameters: {"utf8"=>"✓", "ratings"=>{"G"=>"1"}, "commit"=>"Refresh Page"}
  Rendering layout layouts/application.html.erb
  Rendering movies/index.html.erb within layouts/application
  Rendered movies/index.html.erb within layouts/application (Duration: 1.7ms | Allocations: 1587)
  Rendered layout layouts/application.html.erb (Duration: 2.8ms | Allocations: 1658)
Completed 500 Internal Server Error in 10ms (ActiveRecord: 0.4ms | Allocations: 4378)


  
ActionView::Template::Error (unable to convert unpermitted parameters to hash):
    17: <table class="table table-striped col-md-12" id="movies">
    18:   <thead>
    19:     <tr>
    20:       <th id="title_link"><%= link_to "Movie Title", movies_path(sort_column: 'title', ratings: @selected_ratings) %></th>
    21:       <th>Rating</th>
    22:       <th id="release_date_link" ><%= link_to "Release Date", movies_path(sort_column: 'release_date', ratings: @selected_ratings)%></th>
    23:       <th>More Info</th>
  
app/views/movies/index.html.erb:20
Started GET "/movies" for ::1 at 2023-12-06 07:51:12 -0500
Processing by MoviesController#index as HTML
  Rendering layout layouts/application.html.erb
  Rendering movies/index.html.erb within layouts/application
  [1m[36mMovie Load (0.5ms)[0m  [1m[34mSELECT "movies".* FROM "movies" WHERE "movies"."rating" IN (?, ?, ?, ?)[0m  [["rating", "G"], ["rating", "PG"], ["rating", "PG-13"], ["rating", "R"]]
  Rendered movies/index.html.erb within layouts/application (Duration: 8.0ms | Allocations: 3262)
  Rendered layouts/_flash.erb (Duration: 0.1ms | Allocations: 33)
  Rendered layout layouts/application.html.erb (Duration: 30.1ms | Allocations: 9804)
Completed 200 OK in 39ms (Views: 31.5ms | ActiveRecord: 1.9ms | Allocations: 12831)


Started GET "/movies" for ::1 at 2023-12-06 07:51:19 -0500
Processing by MoviesController#index as HTML
  Rendering layout layouts/application.html.erb
  Rendering movies/index.html.erb within layouts/application
  [1m[36mMovie Load (0.5ms)[0m  [1m[34mSELECT "movies".* FROM "movies" WHERE "movies"."rating" IN (?, ?, ?, ?)[0m  [["rating", "G"], ["rating", "PG"], ["rating", "PG-13"], ["rating", "R"]]
  Rendered movies/index.html.erb within layouts/application (Duration: 5.2ms | Allocations: 1201)
  Rendered layouts/_flash.erb (Duration: 0.1ms | Allocations: 23)
  Rendered layout layouts/application.html.erb (Duration: 28.2ms | Allocations: 7541)
Completed 200 OK in 32ms (Views: 29.3ms | ActiveRecord: 0.5ms | Allocations: 9257)


Started GET "/movies/4" for ::1 at 2023-12-06 07:51:49 -0500
Processing by MoviesController#show as HTML
  Parameters: {"id"=>"4"}
  [1m[36mMovie Load (0.3ms)[0m  [1m[34mSELECT "movies".* FROM "movies" WHERE "movies"."id" = ? LIMIT ?[0m  [["id", 4], ["LIMIT", 1]]
  Rendering layout layouts/application.html.erb
  Rendering movies/show.html.erb within layouts/application
  Rendered movies/show.html.erb within layouts/application (Duration: 0.6ms | Allocations: 195)
  Rendered layouts/_flash.erb (Duration: 0.1ms | Allocations: 23)
  Rendered layout layouts/application.html.erb (Duration: 23.9ms | Allocations: 6533)
Completed 200 OK in 28ms (Views: 25.0ms | ActiveRecord: 0.3ms | Allocations: 8862)


Started DELETE "/movies/4" for ::1 at 2023-12-06 07:51:52 -0500
Processing by MoviesController#destroy as HTML
  Parameters: {"authenticity_token"=>"cwSAuFRVMMrBI-wpEUuvEKqRznTwkDB7gUrmcOR7ak8l0n1iGpQwbNnNg5W4_Zynm_ftgXBGbIkk6_HOjVNhgA", "id"=>"4"}
  [1m[36mMovie Load (0.3ms)[0m  [1m[34mSELECT "movies".* FROM "movies" WHERE "movies"."id" = ? LIMIT ?[0m  [["id", 4], ["LIMIT", 1]]
  [1m[36mTRANSACTION (0.1ms)[0m  [1m[36mbegin transaction[0m
  [1m[36mMovie Destroy (4.7ms)[0m  [1m[31mDELETE FROM "movies" WHERE "movies"."id" = ?[0m  [["id", 4]]
  [1m[36mTRANSACTION (15.5ms)[0m  [1m[36mcommit transaction[0m
Redirected to http://localhost:3000/movies
Completed 302 Found in 30ms (ActiveRecord: 20.5ms | Allocations: 2458)


Started GET "/movies" for ::1 at 2023-12-06 07:51:52 -0500
Processing by MoviesController#index as HTML
  Rendering layout layouts/application.html.erb
  Rendering movies/index.html.erb within layouts/application
  [1m[36mMovie Load (0.4ms)[0m  [1m[34mSELECT "movies".* FROM "movies" WHERE "movies"."rating" IN (?, ?, ?, ?)[0m  [["rating", "G"], ["rating", "PG"], ["rating", "PG-13"], ["rating", "R"]]
  Rendered movies/index.html.erb within layouts/application (Duration: 4.2ms | Allocations: 1121)
  Rendered layouts/_flash.erb (Duration: 0.1ms | Allocations: 25)
  Rendered layout layouts/application.html.erb (Duration: 28.5ms | Allocations: 7461)
Completed 200 OK in 32ms (Views: 29.4ms | ActiveRecord: 0.4ms | Allocations: 9100)


Started GET "/movies/5" for ::1 at 2023-12-06 07:51:53 -0500
Processing by MoviesController#show as HTML
  Parameters: {"id"=>"5"}
  [1m[36mMovie Load (0.3ms)[0m  [1m[34mSELECT "movies".* FROM "movies" WHERE "movies"."id" = ? LIMIT ?[0m  [["id", 5], ["LIMIT", 1]]
  Rendering layout layouts/application.html.erb
  Rendering movies/show.html.erb within layouts/application
  Rendered movies/show.html.erb within layouts/application (Duration: 0.9ms | Allocations: 186)
  Rendered layouts/_flash.erb (Duration: 0.1ms | Allocations: 23)
  Rendered layout layouts/application.html.erb (Duration: 27.8ms | Allocations: 6524)
Completed 200 OK in 32ms (Views: 29.0ms | ActiveRecord: 0.3ms | Allocations: 8201)


Started DELETE "/movies/5" for ::1 at 2023-12-06 07:51:56 -0500
Processing by MoviesController#destroy as HTML
  Parameters: {"authenticity_token"=>"U97IFq9Njh_sX8JRbq_BuR3y4I0Ro9v7A7isLgBMySwFCDXM4YyOufSxre3HGfIOLJTDeJF1hwmmGbuQaWTC4w", "id"=>"5"}
  [1m[36mMovie Load (0.2ms)[0m  [1m[34mSELECT "movies".* FROM "movies" WHERE "movies"."id" = ? LIMIT ?[0m  [["id", 5], ["LIMIT", 1]]
  [1m[36mTRANSACTION (0.0ms)[0m  [1m[36mbegin transaction[0m
  [1m[36mMovie Destroy (6.5ms)[0m  [1m[31mDELETE FROM "movies" WHERE "movies"."id" = ?[0m  [["id", 5]]
  [1m[36mTRANSACTION (8.2ms)[0m  [1m[36mcommit transaction[0m
Redirected to http://localhost:3000/movies
Completed 302 Found in 21ms (ActiveRecord: 15.0ms | Allocations: 1814)


Started GET "/movies" for ::1 at 2023-12-06 07:51:56 -0500
Processing by MoviesController#index as HTML
  Rendering layout layouts/application.html.erb
  Rendering movies/index.html.erb within layouts/application
  [1m[36mMovie Load (0.3ms)[0m  [1m[34mSELECT "movies".* FROM "movies" WHERE "movies"."rating" IN (?, ?, ?, ?)[0m  [["rating", "G"], ["rating", "PG"], ["rating", "PG-13"], ["rating", "R"]]
  Rendered movies/index.html.erb within layouts/application (Duration: 3.3ms | Allocations: 1054)
  Rendered layouts/_flash.erb (Duration: 0.1ms | Allocations: 24)
  Rendered layout layouts/application.html.erb (Duration: 23.3ms | Allocations: 7393)
Completed 200 OK in 28ms (Views: 25.5ms | ActiveRecord: 0.3ms | Allocations: 9032)


Started GET "/movies/7" for ::1 at 2023-12-06 07:51:58 -0500
Processing by MoviesController#show as HTML
  Parameters: {"id"=>"7"}
  [1m[36mMovie Load (0.2ms)[0m  [1m[34mSELECT "movies".* FROM "movies" WHERE "movies"."id" = ? LIMIT ?[0m  [["id", 7], ["LIMIT", 1]]
  Rendering layout layouts/application.html.erb
  Rendering movies/show.html.erb within layouts/application
  Rendered movies/show.html.erb within layouts/application (Duration: 0.6ms | Allocations: 186)
  Rendered layouts/_flash.erb (Duration: 0.1ms | Allocations: 23)
  Rendered layout layouts/application.html.erb (Duration: 26.1ms | Allocations: 6526)
Completed 200 OK in 30ms (Views: 27.5ms | ActiveRecord: 0.2ms | Allocations: 8219)


Started DELETE "/movies/7" for ::1 at 2023-12-06 07:52:01 -0500
Processing by MoviesController#destroy as HTML
  Parameters: {"authenticity_token"=>"dSvkbmvNYUv3EmpT0vunAVSzodfRKuEjFOTWTb2tNdcj_Rm0JQxh7e_8Be97TZS2ZdWCIlH8vdGxRcHz1IU-GA", "id"=>"7"}
  [1m[36mMovie Load (0.3ms)[0m  [1m[34mSELECT "movies".* FROM "movies" WHERE "movies"."id" = ? LIMIT ?[0m  [["id", 7], ["LIMIT", 1]]
  [1m[36mTRANSACTION (0.9ms)[0m  [1m[36mbegin transaction[0m
  [1m[36mMovie Destroy (4.6ms)[0m  [1m[31mDELETE FROM "movies" WHERE "movies"."id" = ?[0m  [["id", 7]]
  [1m[36mTRANSACTION (10.9ms)[0m  [1m[36mcommit transaction[0m
Redirected to http://localhost:3000/movies
Completed 302 Found in 27ms (ActiveRecord: 16.7ms | Allocations: 1815)


Started GET "/movies" for ::1 at 2023-12-06 07:52:01 -0500
Processing by MoviesController#index as HTML
  Rendering layout layouts/application.html.erb
  Rendering movies/index.html.erb within layouts/application
  [1m[36mMovie Load (0.3ms)[0m  [1m[34mSELECT "movies".* FROM "movies" WHERE "movies"."rating" IN (?, ?, ?, ?)[0m  [["rating", "G"], ["rating", "PG"], ["rating", "PG-13"], ["rating", "R"]]
  Rendered movies/index.html.erb within layouts/application (Duration: 3.0ms | Allocations: 987)
  Rendered layouts/_flash.erb (Duration: 0.1ms | Allocations: 24)
  Rendered layout layouts/application.html.erb (Duration: 26.7ms | Allocations: 7326)
Completed 200 OK in 29ms (Views: 27.5ms | ActiveRecord: 0.3ms | Allocations: 8965)


Started GET "/movies/3" for ::1 at 2023-12-06 07:52:15 -0500
Processing by MoviesController#show as HTML
  Parameters: {"id"=>"3"}
  [1m[36mMovie Load (0.2ms)[0m  [1m[34mSELECT "movies".* FROM "movies" WHERE "movies"."id" = ? LIMIT ?[0m  [["id", 3], ["LIMIT", 1]]
  Rendering layout layouts/application.html.erb
  Rendering movies/show.html.erb within layouts/application
  Rendered movies/show.html.erb within layouts/application (Duration: 0.5ms | Allocations: 186)
  Rendered layouts/_flash.erb (Duration: 0.1ms | Allocations: 23)
  Rendered layout layouts/application.html.erb (Duration: 25.0ms | Allocations: 6524)
Completed 200 OK in 29ms (Views: 26.3ms | ActiveRecord: 0.2ms | Allocations: 8200)


Started DELETE "/movies/3" for ::1 at 2023-12-06 07:52:18 -0500
Processing by MoviesController#destroy as HTML
  Parameters: {"authenticity_token"=>"N0ZHLJ98ynlpZY4WUmu6dwfC4IKa50jnE6LjOJi0JH9hkLr20b3K33GL4ar73YnANqTDdxoxFBW2A_SG8ZwvsA", "id"=>"3"}
  [1m[36mMovie Load (0.3ms)[0m  [1m[34mSELECT "movies".* FROM "movies" WHERE "movies"."id" = ? LIMIT ?[0m  [["id", 3], ["LIMIT", 1]]
  [1m[36mTRANSACTION (0.1ms)[0m  [1m[36mbegin transaction[0m
  [1m[36mMovie Destroy (3.3ms)[0m  [1m[31mDELETE FROM "movies" WHERE "movies"."id" = ?[0m  [["id", 3]]
  [1m[36mTRANSACTION (10.3ms)[0m  [1m[36mcommit transaction[0m
Redirected to http://localhost:3000/movies
Completed 302 Found in 19ms (ActiveRecord: 14.0ms | Allocations: 1829)


Started GET "/movies" for ::1 at 2023-12-06 07:52:18 -0500
Processing by MoviesController#index as HTML
  Rendering layout layouts/application.html.erb
  Rendering movies/index.html.erb within layouts/application
  [1m[36mMovie Load (0.3ms)[0m  [1m[34mSELECT "movies".* FROM "movies" WHERE "movies"."rating" IN (?, ?, ?, ?)[0m  [["rating", "G"], ["rating", "PG"], ["rating", "PG-13"], ["rating", "R"]]
  Rendered movies/index.html.erb within layouts/application (Duration: 2.2ms | Allocations: 916)
  Rendered layouts/_flash.erb (Duration: 0.1ms | Allocations: 24)
  Rendered layout layouts/application.html.erb (Duration: 28.1ms | Allocations: 7258)
Completed 200 OK in 31ms (Views: 29.1ms | ActiveRecord: 0.3ms | Allocations: 8899)


Started GET "/movies" for ::1 at 2023-12-06 07:53:28 -0500
Processing by MoviesController#index as HTML
  Rendering layout layouts/application.html.erb
  Rendering movies/index.html.erb within layouts/application
  [1m[36mMovie Load (0.5ms)[0m  [1m[34mSELECT "movies".* FROM "movies" WHERE "movies"."rating" IN (?, ?, ?, ?)[0m  [["rating", "G"], ["rating", "PG"], ["rating", "PG-13"], ["rating", "R"]]
  Rendered movies/index.html.erb within layouts/application (Duration: 3.1ms | Allocations: 924)
  Rendered layouts/_flash.erb (Duration: 0.1ms | Allocations: 23)
  Rendered layout layouts/application.html.erb (Duration: 25.6ms | Allocations: 7264)
Completed 200 OK in 29ms (Views: 26.4ms | ActiveRecord: 0.5ms | Allocations: 8889)


Started GET "/movies/new" for ::1 at 2023-12-06 07:53:31 -0500
Processing by MoviesController#new as HTML
  Rendering layout layouts/application.html.erb
  Rendering movies/new.html.erb within layouts/application
  Rendered movies/new.html.erb within layouts/application (Duration: 3.5ms | Allocations: 4023)
  Rendered layouts/_flash.erb (Duration: 0.1ms | Allocations: 23)
  Rendered layout layouts/application.html.erb (Duration: 25.9ms | Allocations: 10350)
Completed 200 OK in 28ms (Views: 27.2ms | ActiveRecord: 0.0ms | Allocations: 10638)


Started POST "/movies" for ::1 at 2023-12-06 07:53:35 -0500
Processing by MoviesController#create as HTML
  Parameters: {"utf8"=>"✓", "authenticity_token"=>"5Q9ZBwZ0fizfi7ykoa9NmbRq3lA6BCGoUHuwiuXsrVOz2aTdSLV-isdl0xgIGX4uhQz9pbrSfVr12qc0jMSmnA", "movie"=>{"title"=>"MoviePG", "rating"=>"G", "release_date(1i)"=>"2023", "release_date(2i)"=>"12", "release_date(3i)"=>"6"}, "commit"=>"Save Changes"}
  [1m[36mTRANSACTION (0.1ms)[0m  [1m[36mbegin transaction[0m
  [1m[36mMovie Create (4.0ms)[0m  [1m[32mINSERT INTO "movies" ("title", "rating", "release_date", "created_at", "updated_at") VALUES (?, ?, ?, ?, ?)[0m  [["title", "MoviePG"], ["rating", "G"], ["release_date", "2023-12-06 00:00:00"], ["created_at", "2023-12-06 12:53:35.793765"], ["updated_at", "2023-12-06 12:53:35.793765"]]
  [1m[36mTRANSACTION (12.5ms)[0m  [1m[36mcommit transaction[0m
Redirected to http://localhost:3000/movies
Completed 302 Found in 25ms (ActiveRecord: 16.6ms | Allocations: 2294)


Started GET "/movies" for ::1 at 2023-12-06 07:53:35 -0500
Processing by MoviesController#index as HTML
  Rendering layout layouts/application.html.erb
  Rendering movies/index.html.erb within layouts/application
  [1m[36mMovie Load (0.4ms)[0m  [1m[34mSELECT "movies".* FROM "movies" WHERE "movies"."rating" IN (?, ?, ?, ?)[0m  [["rating", "G"], ["rating", "PG"], ["rating", "PG-13"], ["rating", "R"]]
  Rendered movies/index.html.erb within layouts/application (Duration: 3.4ms | Allocations: 987)
  Rendered layouts/_flash.erb (Duration: 0.1ms | Allocations: 25)
  Rendered layout layouts/application.html.erb (Duration: 24.6ms | Allocations: 7327)
Completed 200 OK in 27ms (Views: 25.4ms | ActiveRecord: 0.4ms | Allocations: 8966)


Started GET "/movies/9" for ::1 at 2023-12-06 07:53:56 -0500
Processing by MoviesController#show as HTML
  Parameters: {"id"=>"9"}
  [1m[36mMovie Load (0.2ms)[0m  [1m[34mSELECT "movies".* FROM "movies" WHERE "movies"."id" = ? LIMIT ?[0m  [["id", 9], ["LIMIT", 1]]
  Rendering layout layouts/application.html.erb
  Rendering movies/show.html.erb within layouts/application
  Rendered movies/show.html.erb within layouts/application (Duration: 0.6ms | Allocations: 186)
  Rendered layouts/_flash.erb (Duration: 0.1ms | Allocations: 23)
  Rendered layout layouts/application.html.erb (Duration: 23.4ms | Allocations: 6524)
Completed 200 OK in 28ms (Views: 24.7ms | ActiveRecord: 0.2ms | Allocations: 8213)


Started DELETE "/movies/9" for ::1 at 2023-12-06 07:53:58 -0500
Processing by MoviesController#destroy as HTML
  Parameters: {"authenticity_token"=>"d7HaonvRoSp8WMljnmKsj63Ly7fZ344p5fI7V1rP8qQhZyd4NRChjGS2pt831J84nK3oQlkJ0ttAUyzpM-f5aw", "id"=>"9"}
  [1m[36mMovie Load (0.3ms)[0m  [1m[34mSELECT "movies".* FROM "movies" WHERE "movies"."id" = ? LIMIT ?[0m  [["id", 9], ["LIMIT", 1]]
  [1m[36mTRANSACTION (0.1ms)[0m  [1m[36mbegin transaction[0m
  [1m[36mMovie Destroy (4.5ms)[0m  [1m[31mDELETE FROM "movies" WHERE "movies"."id" = ?[0m  [["id", 9]]
  [1m[36mTRANSACTION (14.3ms)[0m  [1m[36mcommit transaction[0m
Redirected to http://localhost:3000/movies
Completed 302 Found in 27ms (ActiveRecord: 19.1ms | Allocations: 1815)


Started GET "/movies" for ::1 at 2023-12-06 07:53:58 -0500
Processing by MoviesController#index as HTML
  Rendering layout layouts/application.html.erb
  Rendering movies/index.html.erb within layouts/application
  [1m[36mMovie Load (0.4ms)[0m  [1m[34mSELECT "movies".* FROM "movies" WHERE "movies"."rating" IN (?, ?, ?, ?)[0m  [["rating", "G"], ["rating", "PG"], ["rating", "PG-13"], ["rating", "R"]]
  Rendered movies/index.html.erb within layouts/application (Duration: 2.6ms | Allocations: 916)
  Rendered layouts/_flash.erb (Duration: 0.1ms | Allocations: 24)
  Rendered layout layouts/application.html.erb (Duration: 23.5ms | Allocations: 7255)
Completed 200 OK in 27ms (Views: 24.5ms | ActiveRecord: 0.4ms | Allocations: 8894)


Started GET "/movies/new" for ::1 at 2023-12-06 07:54:01 -0500
Processing by MoviesController#new as HTML
  Rendering layout layouts/application.html.erb
  Rendering movies/new.html.erb within layouts/application
  Rendered movies/new.html.erb within layouts/application (Duration: 5.2ms | Allocations: 3965)
  Rendered layouts/_flash.erb (Duration: 0.1ms | Allocations: 23)
  Rendered layout layouts/application.html.erb (Duration: 30.9ms | Allocations: 10311)
Completed 200 OK in 38ms (Views: 38.1ms | ActiveRecord: 0.0ms | Allocations: 10594)


Started POST "/movies" for ::1 at 2023-12-06 07:54:10 -0500
Processing by MoviesController#create as HTML
  Parameters: {"utf8"=>"✓", "authenticity_token"=>"y2owrXK0kzscY8SlPPDuGEZW8zQUWevV_5UW3mxjS9udvM13PHWTnQSNqxmVRt2vdzDQwZSPtydaNAFgBUtAFA", "movie"=>{"title"=>"MoviePG-13", "rating"=>"PG-13", "release_date(1i)"=>"2023", "release_date(2i)"=>"12", "release_date(3i)"=>"6"}, "commit"=>"Save Changes"}
  [1m[36mTRANSACTION (0.1ms)[0m  [1m[36mbegin transaction[0m
  [1m[36mMovie Create (1.0ms)[0m  [1m[32mINSERT INTO "movies" ("title", "rating", "release_date", "created_at", "updated_at") VALUES (?, ?, ?, ?, ?)[0m  [["title", "MoviePG-13"], ["rating", "PG-13"], ["release_date", "2023-12-06 00:00:00"], ["created_at", "2023-12-06 12:54:10.460649"], ["updated_at", "2023-12-06 12:54:10.460649"]]
  [1m[36mTRANSACTION (8.3ms)[0m  [1m[36mcommit transaction[0m
Redirected to http://localhost:3000/movies
Completed 302 Found in 17ms (ActiveRecord: 9.4ms | Allocations: 2176)


Started GET "/movies" for ::1 at 2023-12-06 07:54:10 -0500
Processing by MoviesController#index as HTML
  Rendering layout layouts/application.html.erb
  Rendering movies/index.html.erb within layouts/application
  [1m[36mMovie Load (0.3ms)[0m  [1m[34mSELECT "movies".* FROM "movies" WHERE "movies"."rating" IN (?, ?, ?, ?)[0m  [["rating", "G"], ["rating", "PG"], ["rating", "PG-13"], ["rating", "R"]]
  Rendered movies/index.html.erb within layouts/application (Duration: 2.7ms | Allocations: 988)
  Rendered layouts/_flash.erb (Duration: 0.1ms | Allocations: 25)
  Rendered layout layouts/application.html.erb (Duration: 26.5ms | Allocations: 7328)
Completed 200 OK in 30ms (Views: 28.2ms | ActiveRecord: 0.3ms | Allocations: 8969)


Started GET "/movies/10" for ::1 at 2023-12-06 07:54:54 -0500
Processing by MoviesController#show as HTML
  Parameters: {"id"=>"10"}
  [1m[36mMovie Load (0.2ms)[0m  [1m[34mSELECT "movies".* FROM "movies" WHERE "movies"."id" = ? LIMIT ?[0m  [["id", 10], ["LIMIT", 1]]
  Rendering layout layouts/application.html.erb
  Rendering movies/show.html.erb within layouts/application
  Rendered movies/show.html.erb within layouts/application (Duration: 0.5ms | Allocations: 186)
  Rendered layouts/_flash.erb (Duration: 0.1ms | Allocations: 23)
  Rendered layout layouts/application.html.erb (Duration: 27.8ms | Allocations: 6526)
Completed 200 OK in 31ms (Views: 28.9ms | ActiveRecord: 0.2ms | Allocations: 8219)


Started DELETE "/movies/10" for ::1 at 2023-12-06 07:54:57 -0500
Processing by MoviesController#destroy as HTML
  Parameters: {"authenticity_token"=>"iyYVEK0OujFBAVn4QXUiGcKcLbP-nvBHKw4JnpGHoxTd8OjK48-6l1nvNkTowxGu8_oORn5IrLWOrx4g-K-o2w", "id"=>"10"}
  [1m[36mMovie Load (0.2ms)[0m  [1m[34mSELECT "movies".* FROM "movies" WHERE "movies"."id" = ? LIMIT ?[0m  [["id", 10], ["LIMIT", 1]]
  [1m[36mTRANSACTION (0.2ms)[0m  [1m[36mbegin transaction[0m
  [1m[36mMovie Destroy (1.1ms)[0m  [1m[31mDELETE FROM "movies" WHERE "movies"."id" = ?[0m  [["id", 10]]
  [1m[36mTRANSACTION (7.7ms)[0m  [1m[36mcommit transaction[0m
Redirected to http://localhost:3000/movies
Completed 302 Found in 22ms (ActiveRecord: 9.2ms | Allocations: 1815)


Started GET "/movies" for ::1 at 2023-12-06 07:54:58 -0500
Processing by MoviesController#index as HTML
  Rendering layout layouts/application.html.erb
  Rendering movies/index.html.erb within layouts/application
  [1m[36mMovie Load (0.3ms)[0m  [1m[34mSELECT "movies".* FROM "movies" WHERE "movies"."rating" IN (?, ?, ?, ?)[0m  [["rating", "G"], ["rating", "PG"], ["rating", "PG-13"], ["rating", "R"]]
  Rendered movies/index.html.erb within layouts/application (Duration: 2.3ms | Allocations: 916)
  Rendered layouts/_flash.erb (Duration: 0.1ms | Allocations: 24)
  Rendered layout layouts/application.html.erb (Duration: 21.9ms | Allocations: 7255)
Completed 200 OK in 26ms (Views: 23.8ms | ActiveRecord: 0.3ms | Allocations: 8894)


Started GET "/movies/new" for ::1 at 2023-12-06 07:54:59 -0500
Processing by MoviesController#new as HTML
  Rendering layout layouts/application.html.erb
  Rendering movies/new.html.erb within layouts/application
  Rendered movies/new.html.erb within layouts/application (Duration: 6.2ms | Allocations: 3965)
  Rendered layouts/_flash.erb (Duration: 0.1ms | Allocations: 23)
  Rendered layout layouts/application.html.erb (Duration: 28.3ms | Allocations: 10311)
Completed 200 OK in 30ms (Views: 29.5ms | ActiveRecord: 0.0ms | Allocations: 10594)


Started POST "/movies" for ::1 at 2023-12-06 07:55:05 -0500
Processing by MoviesController#create as HTML
  Parameters: {"utf8"=>"✓", "authenticity_token"=>"eelQtSngXI2R1G1r75hxuo4JvnP1v2sbAP-QNiN4_FEvP61vZyFcK4k6AtdGLkINv2-dhnVpN-mlXoeISlD3ng", "movie"=>{"title"=>"MovieR", "rating"=>"R", "release_date(1i)"=>"2023", "release_date(2i)"=>"12", "release_date(3i)"=>"6"}, "commit"=>"Save Changes"}
  [1m[36mTRANSACTION (0.1ms)[0m  [1m[36mbegin transaction[0m
  [1m[36mMovie Create (1.4ms)[0m  [1m[32mINSERT INTO "movies" ("title", "rating", "release_date", "created_at", "updated_at") VALUES (?, ?, ?, ?, ?)[0m  [["title", "MovieR"], ["rating", "R"], ["release_date", "2023-12-06 00:00:00"], ["created_at", "2023-12-06 12:55:05.386970"], ["updated_at", "2023-12-06 12:55:05.386970"]]
  [1m[36mTRANSACTION (8.6ms)[0m  [1m[36mcommit transaction[0m
Redirected to http://localhost:3000/movies
Completed 302 Found in 16ms (ActiveRecord: 10.1ms | Allocations: 2176)


Started GET "/movies" for ::1 at 2023-12-06 07:55:05 -0500
Processing by MoviesController#index as HTML
  Rendering layout layouts/application.html.erb
  Rendering movies/index.html.erb within layouts/application
  [1m[36mMovie Load (0.4ms)[0m  [1m[34mSELECT "movies".* FROM "movies" WHERE "movies"."rating" IN (?, ?, ?, ?)[0m  [["rating", "G"], ["rating", "PG"], ["rating", "PG-13"], ["rating", "R"]]
  Rendered movies/index.html.erb within layouts/application (Duration: 3.1ms | Allocations: 987)
  Rendered layouts/_flash.erb (Duration: 0.1ms | Allocations: 25)
  Rendered layout layouts/application.html.erb (Duration: 27.2ms | Allocations: 7327)
Completed 200 OK in 30ms (Views: 27.9ms | ActiveRecord: 0.4ms | Allocations: 8966)


Started GET "/movies/11" for ::1 at 2023-12-06 07:55:46 -0500
Processing by MoviesController#show as HTML
  Parameters: {"id"=>"11"}
  [1m[36mMovie Load (0.2ms)[0m  [1m[34mSELECT "movies".* FROM "movies" WHERE "movies"."id" = ? LIMIT ?[0m  [["id", 11], ["LIMIT", 1]]
  Rendering layout layouts/application.html.erb
  Rendering movies/show.html.erb within layouts/application
  Rendered movies/show.html.erb within layouts/application (Duration: 1.4ms | Allocations: 186)
  Rendered layouts/_flash.erb (Duration: 0.1ms | Allocations: 23)
  Rendered layout layouts/application.html.erb (Duration: 23.7ms | Allocations: 6526)
Completed 200 OK in 28ms (Views: 25.5ms | ActiveRecord: 0.2ms | Allocations: 8219)


Started DELETE "/movies/11" for ::1 at 2023-12-06 07:55:49 -0500
Processing by MoviesController#destroy as HTML
  Parameters: {"authenticity_token"=>"nRGWwoAYrtzWQIbpuLpIr_bBhOakPOS9e31dCbgSyJXLx2sYztmues6u6VURDHsYx6enEyTquE_e3Eq30TrDWg", "id"=>"11"}
  [1m[36mMovie Load (0.3ms)[0m  [1m[34mSELECT "movies".* FROM "movies" WHERE "movies"."id" = ? LIMIT ?[0m  [["id", 11], ["LIMIT", 1]]
  [1m[36mTRANSACTION (0.1ms)[0m  [1m[36mbegin transaction[0m
  [1m[36mMovie Destroy (1.5ms)[0m  [1m[31mDELETE FROM "movies" WHERE "movies"."id" = ?[0m  [["id", 11]]
  [1m[36mTRANSACTION (8.5ms)[0m  [1m[36mcommit transaction[0m
Redirected to http://localhost:3000/movies
Completed 302 Found in 18ms (ActiveRecord: 10.4ms | Allocations: 1829)


Started GET "/movies" for ::1 at 2023-12-06 07:55:49 -0500
Processing by MoviesController#index as HTML
  Rendering layout layouts/application.html.erb
  Rendering movies/index.html.erb within layouts/application
  [1m[36mMovie Load (0.8ms)[0m  [1m[34mSELECT "movies".* FROM "movies" WHERE "movies"."rating" IN (?, ?, ?, ?)[0m  [["rating", "G"], ["rating", "PG"], ["rating", "PG-13"], ["rating", "R"]]
  Rendered movies/index.html.erb within layouts/application (Duration: 4.0ms | Allocations: 916)
  Rendered layouts/_flash.erb (Duration: 0.1ms | Allocations: 24)
  Rendered layout layouts/application.html.erb (Duration: 34.5ms | Allocations: 7257)
Completed 200 OK in 37ms (Views: 35.1ms | ActiveRecord: 0.8ms | Allocations: 8898)


Started GET "/movies/new" for ::1 at 2023-12-06 07:55:51 -0500
Processing by MoviesController#new as HTML
  Rendering layout layouts/application.html.erb
  Rendering movies/new.html.erb within layouts/application
  Rendered movies/new.html.erb within layouts/application (Duration: 3.0ms | Allocations: 3965)
  Rendered layouts/_flash.erb (Duration: 0.1ms | Allocations: 23)
  Rendered layout layouts/application.html.erb (Duration: 27.6ms | Allocations: 10290)
Completed 200 OK in 29ms (Views: 28.9ms | ActiveRecord: 0.0ms | Allocations: 10573)


Started POST "/movies" for ::1 at 2023-12-06 07:55:58 -0500
Processing by MoviesController#create as HTML
  Parameters: {"utf8"=>"✓", "authenticity_token"=>"BpTcEOINbFPqRpO6nAzAnl_mh2E-VORbR_zC3rNHHc5QQiHKrMxs9fKo_AY1uvMpboCklL6CuKniXdVg2m8WAQ", "movie"=>{"title"=>"MoviePG", "rating"=>"PG", "release_date(1i)"=>"2023", "release_date(2i)"=>"12", "release_date(3i)"=>"6"}, "commit"=>"Save Changes"}
  [1m[36mTRANSACTION (0.1ms)[0m  [1m[36mbegin transaction[0m
  [1m[36mMovie Create (1.3ms)[0m  [1m[32mINSERT INTO "movies" ("title", "rating", "release_date", "created_at", "updated_at") VALUES (?, ?, ?, ?, ?)[0m  [["title", "MoviePG"], ["rating", "PG"], ["release_date", "2023-12-06 00:00:00"], ["created_at", "2023-12-06 12:55:58.649364"], ["updated_at", "2023-12-06 12:55:58.649364"]]
  [1m[36mTRANSACTION (8.1ms)[0m  [1m[36mcommit transaction[0m
Redirected to http://localhost:3000/movies
Completed 302 Found in 16ms (ActiveRecord: 9.5ms | Allocations: 2177)


Started GET "/movies" for ::1 at 2023-12-06 07:55:58 -0500
Processing by MoviesController#index as HTML
  Rendering layout layouts/application.html.erb
  Rendering movies/index.html.erb within layouts/application
  [1m[36mMovie Load (0.3ms)[0m  [1m[34mSELECT "movies".* FROM "movies" WHERE "movies"."rating" IN (?, ?, ?, ?)[0m  [["rating", "G"], ["rating", "PG"], ["rating", "PG-13"], ["rating", "R"]]
  Rendered movies/index.html.erb within layouts/application (Duration: 2.6ms | Allocations: 987)
  Rendered layouts/_flash.erb (Duration: 0.1ms | Allocations: 25)
  Rendered layout layouts/application.html.erb (Duration: 23.3ms | Allocations: 7327)
Completed 200 OK in 27ms (Views: 25.2ms | ActiveRecord: 0.3ms | Allocations: 8966)


Started GET "/" for ::1 at 2023-12-13 09:24:53 -0500
  [1m[36mActiveRecord::SchemaMigration Pluck (0.5ms)[0m  [1m[34mSELECT "schema_migrations"."version" FROM "schema_migrations" ORDER BY "schema_migrations"."version" ASC[0m
Processing by MoviesController#index as HTML
  Rendering layout layouts/application.html.erb
  Rendering movies/index.html.erb within layouts/application
  [1m[36mMovie Load (0.6ms)[0m  [1m[34mSELECT "movies".* FROM "movies" WHERE "movies"."rating" IN (?, ?, ?, ?)[0m  [["rating", "G"], ["rating", "PG"], ["rating", "PG-13"], ["rating", "R"]]
  Rendered movies/index.html.erb within layouts/application (Duration: 64.3ms | Allocations: 6918)
  Rendered layouts/_flash.erb (Duration: 7.5ms | Allocations: 197)
  Rendered layout layouts/application.html.erb (Duration: 1177.0ms | Allocations: 295928)
Completed 200 OK in 1256ms (Views: 1188.6ms | ActiveRecord: 2.5ms | Allocations: 304954)


Started GET "/movies" for ::1 at 2023-12-13 09:32:07 -0500
  [1m[36mActiveRecord::SchemaMigration Pluck (0.4ms)[0m  [1m[34mSELECT "schema_migrations"."version" FROM "schema_migrations" ORDER BY "schema_migrations"."version" ASC[0m
Processing by MoviesController#index as HTML
  Rendering layout layouts/application.html.erb
  Rendering movies/index.html.erb within layouts/application
  [1m[36mMovie Load (1.3ms)[0m  [1m[34mSELECT "movies".* FROM "movies" WHERE "movies"."rating" IN (?, ?, ?, ?)[0m  [["rating", "G"], ["rating", "PG"], ["rating", "PG-13"], ["rating", "R"]]
  Rendered movies/index.html.erb within layouts/application (Duration: 52.6ms | Allocations: 6918)
  Rendered layouts/_flash.erb (Duration: 0.9ms | Allocations: 197)
  Rendered layout layouts/application.html.erb (Duration: 821.0ms | Allocations: 306188)
Completed 200 OK in 1110ms (Views: 858.3ms | ActiveRecord: 2.9ms | Allocations: 315214)


Started GET "/" for ::1 at 2023-12-13 09:32:14 -0500
Processing by MoviesController#index as HTML
  Rendering layout layouts/application.html.erb
  Rendering movies/index.html.erb within layouts/application
  [1m[36mMovie Load (0.4ms)[0m  [1m[34mSELECT "movies".* FROM "movies" WHERE "movies"."rating" IN (?, ?, ?, ?)[0m  [["rating", "G"], ["rating", "PG"], ["rating", "PG-13"], ["rating", "R"]]
  Rendered movies/index.html.erb within layouts/application (Duration: 4.7ms | Allocations: 1097)
  Rendered layouts/_flash.erb (Duration: 0.1ms | Allocations: 23)
  Rendered layout layouts/application.html.erb (Duration: 32.0ms | Allocations: 8008)
Completed 200 OK in 35ms (Views: 32.9ms | ActiveRecord: 0.4ms | Allocations: 9783)


Started GET "/reviews" for ::1 at 2023-12-13 09:32:18 -0500
  
ActionController::RoutingError (No route matches [GET] "/reviews"):
  
Started GET "/" for ::1 at 2023-12-13 09:38:42 -0500
  [1m[36mActiveRecord::SchemaMigration Pluck (0.3ms)[0m  [1m[34mSELECT "schema_migrations"."version" FROM "schema_migrations" ORDER BY "schema_migrations"."version" ASC[0m
Processing by MoviesController#index as HTML
  Rendering layout layouts/application.html.erb
  Rendering movies/index.html.erb within layouts/application
  [1m[36mMovie Load (0.6ms)[0m  [1m[34mSELECT "movies".* FROM "movies" WHERE "movies"."rating" IN (?, ?, ?, ?)[0m  [["rating", "G"], ["rating", "PG"], ["rating", "PG-13"], ["rating", "R"]]
  Rendered movies/index.html.erb within layouts/application (Duration: 19.6ms | Allocations: 6918)
  Rendered layouts/_flash.erb (Duration: 0.7ms | Allocations: 197)
  Rendered layout layouts/application.html.erb (Duration: 271.9ms | Allocations: 296471)
Completed 200 OK in 336ms (Views: 285.8ms | ActiveRecord: 2.7ms | Allocations: 305501)


Started GET "/search" for ::1 at 2023-12-13 09:39:02 -0500
  
ActionController::RoutingError (No route matches [GET] "/search"):
  
Started GET "/search" for ::1 at 2023-12-13 09:50:07 -0500
  [1m[36mActiveRecord::SchemaMigration Pluck (0.3ms)[0m  [1m[34mSELECT "schema_migrations"."version" FROM "schema_migrations" ORDER BY "schema_migrations"."version" ASC[0m
Processing by SearchController#index as HTML
  Rendering layout layouts/application.html.erb
  Rendering search/index.html.erb within layouts/application
  Rendered search/index.html.erb within layouts/application (Duration: 50.3ms | Allocations: 5315)
  Rendered layout layouts/application.html.erb (Duration: 51.2ms | Allocations: 5405)
Completed 500 Internal Server Error in 78ms (ActiveRecord: 0.0ms | Allocations: 8203)


  
ActionView::Template::Error (undefined local variable or method `movies_path' for #<ActionView::Base:0x00000000009d30>):
    1: <h2>Search in TMDB</h2>
    2: <%= form_tag movies_path, method: :post , id: :tmdb_form %>
    3: <p>
    4:   <%= label_tag :Movie_Name %>
    5:   <%= text_field_tag :Movie_Name, params[:Movie_Name] %>
  
app/views/search/index.html.erb:2
Started GET "/search" for ::1 at 2023-12-13 09:51:35 -0500
  [1m[36mActiveRecord::SchemaMigration Pluck (0.3ms)[0m  [1m[34mSELECT "schema_migrations"."version" FROM "schema_migrations" ORDER BY "schema_migrations"."version" ASC[0m
Processing by SearchController#index as HTML
  Rendering layout layouts/application.html.erb
  Rendering search/index.html.erb within layouts/application
  Rendered search/index.html.erb within layouts/application (Duration: 9.9ms | Allocations: 352)
  Rendered layouts/_flash.erb (Duration: 0.6ms | Allocations: 197)
  Rendered layout layouts/application.html.erb (Duration: 273.6ms | Allocations: 291859)
Completed 200 OK in 306ms (Views: 293.5ms | ActiveRecord: 0.0ms | Allocations: 294718)


Started GET "/search" for ::1 at 2023-12-13 09:52:18 -0500
Processing by SearchController#index as HTML
  Rendering layout layouts/application.html.erb
  Rendering search/index.html.erb within layouts/application
  Rendered search/index.html.erb within layouts/application (Duration: 6.2ms | Allocations: 103)
  Rendered layouts/_flash.erb (Duration: 0.6ms | Allocations: 174)
  Rendered layout layouts/application.html.erb (Duration: 33.2ms | Allocations: 9283)
Completed 200 OK in 41ms (Views: 41.0ms | ActiveRecord: 0.0ms | Allocations: 10071)


Started GET "/search" for ::1 at 2023-12-13 09:57:04 -0500
  [1m[36mActiveRecord::SchemaMigration Pluck (0.3ms)[0m  [1m[34mSELECT "schema_migrations"."version" FROM "schema_migrations" ORDER BY "schema_migrations"."version" ASC[0m
Processing by SearchController#index as HTML
  Rendering layout layouts/application.html.erb
  Rendering search/index.html.erb within layouts/application
  Rendered search/index.html.erb within layouts/application (Duration: 44.8ms | Allocations: 5317)
  Rendered layout layouts/application.html.erb (Duration: 45.7ms | Allocations: 5407)
Completed 500 Internal Server Error in 78ms (ActiveRecord: 0.0ms | Allocations: 8205)


  
ActionView::Template::Error (undefined local variable or method `movies_path' for #<ActionView::Base:0x00000000009d30>):
    1: <h2>Search TMDB</h2>
    2: <%= form_tag movies_path, method: :post , id: :tmdb_form %>
    3: <p>
    4:   <%= label_tag :Movie_Name %>
    5:   <%= text_field_tag :Movie_Name, params[:Movie_Name] %>
  
app/views/search/index.html.erb:2
